
         /\      Grafana   /‾‾/  
    /\  /  \     |\  __   /  /   
   /  \/    \    | |/ /  /   ‾‾\ 
  /          \   |   (  |  (‾)  |
 / __________ \  |_|\_\  \_____/ 


     execution: local
        script: k6/scenarios/load-reservations.js
        output: -

     scenarios: (100.00%) 1 scenario, 50 max VUs, 8m0s max duration (incl. graceful stop):
              * load_reservations: Up to 30.00 iterations/s for 7m30s over 5 stages (maxVUs: 25-50, gracefulStop: 30s)

time="2026-04-07T23:30:25-05:00" level=info msg="=== LOAD TEST (Reservation Creation) SETUP ===" source=console
time="2026-04-07T23:30:25-05:00" level=info msg="Profile: ramping-arrival-rate → target 30 req/s | SLA: p95 < 600 ms, error rate < 1%" source=console
time="2026-04-07T23:30:25-05:00" level=info msg="Measurement: p95 on reservation_success_duration (201-only). 409 tracked separately." source=console
time="2026-04-07T23:30:25-05:00" level=info msg="✓ Ticketing inventory reset successful" source=console
time="2026-04-07T23:30:25-05:00" level=info msg="✓ Events seat pool reset successful" source=console
time="2026-04-07T23:30:25-05:00" level=info msg="✓ Inventory pool: 10120 unique seats" source=console
time="2026-04-07T23:30:25-05:00" level=info msg="  → Exhausted in ~675s at warm-up rate (15 req/s)" source=console
time="2026-04-07T23:30:25-05:00" level=info msg="  → Exhausted in ~338s at peak rate (30 req/s)" source=console
time="2026-04-07T23:30:25-05:00" level=info msg="  → After exhaustion: 409 responses counted in reservation_inventory_conflict (not http_req_failed)" source=console
time="2026-04-07T23:30:25-05:00" level=info msg="  → For a clean SLA window: need ≥ 5400 seats (30 req/s × 180s SLA window)" source=console

running (0m01.0s), 00/25 VUs, 0 complete and 0 interrupted iterations
load_reservations   [   0% ] 00/25 VUs  0m00.5s/7m30s  00.35 iters/s

running (0m02.0s), 00/25 VUs, 0 complete and 0 interrupted iterations
load_reservations   [   0% ] 00/25 VUs  0m01.5s/7m30s  00.35 iters/s

running (0m03.0s), 00/25 VUs, 0 complete and 0 interrupted iterations
load_reservations   [   1% ] 00/25 VUs  0m02.5s/7m30s  00.35 iters/s

running (0m04.0s), 00/25 VUs, 1 complete and 0 interrupted iterations
load_reservations   [   1% ] 00/25 VUs  0m03.5s/7m30s  00.85 iters/s

running (0m05.0s), 00/25 VUs, 2 complete and 0 interrupted iterations
load_reservations   [   1% ] 00/25 VUs  0m04.5s/7m30s  01.11 iters/s

running (0m06.0s), 00/25 VUs, 3 complete and 0 interrupted iterations
load_reservations   [   1% ] 00/25 VUs  0m05.5s/7m30s  01.32 iters/s

running (0m07.0s), 00/25 VUs, 5 complete and 0 interrupted iterations
load_reservations   [   1% ] 00/25 VUs  0m06.5s/7m30s  01.66 iters/s

running (0m08.0s), 01/25 VUs, 6 complete and 0 interrupted iterations
load_reservations   [   2% ] 01/25 VUs  0m07.5s/7m30s  01.94 iters/s

running (0m09.0s), 01/25 VUs, 8 complete and 0 interrupted iterations
load_reservations   [   2% ] 01/25 VUs  0m08.5s/7m30s  02.18 iters/s

running (0m10.0s), 00/25 VUs, 11 complete and 0 interrupted iterations
load_reservations   [   2% ] 00/25 VUs  0m09.5s/7m30s  02.40 iters/s

running (0m11.0s), 00/25 VUs, 13 complete and 0 interrupted iterations
load_reservations   [   2% ] 00/25 VUs  0m10.5s/7m30s  02.60 iters/s

running (0m12.0s), 00/25 VUs, 16 complete and 0 interrupted iterations
load_reservations   [   3% ] 00/25 VUs  0m11.5s/7m30s  02.87 iters/s

running (0m13.0s), 00/25 VUs, 19 complete and 0 interrupted iterations
load_reservations   [   3% ] 00/25 VUs  0m12.5s/7m30s  03.12 iters/s

running (0m14.0s), 00/25 VUs, 22 complete and 0 interrupted iterations
load_reservations   [   3% ] 00/25 VUs  0m13.5s/7m30s  03.35 iters/s

running (0m15.0s), 01/25 VUs, 25 complete and 0 interrupted iterations
load_reservations   [   3% ] 01/25 VUs  0m14.5s/7m30s  03.64 iters/s

running (0m16.0s), 01/25 VUs, 29 complete and 0 interrupted iterations
load_reservations   [   3% ] 01/25 VUs  0m15.5s/7m30s  03.90 iters/s

running (0m17.0s), 01/25 VUs, 33 complete and 0 interrupted iterations
load_reservations   [   4% ] 01/25 VUs  0m16.5s/7m30s  04.15 iters/s

running (0m18.0s), 01/25 VUs, 37 complete and 0 interrupted iterations
load_reservations   [   4% ] 01/25 VUs  0m17.5s/7m30s  04.39 iters/s

running (0m19.0s), 00/25 VUs, 42 complete and 0 interrupted iterations
load_reservations   [   4% ] 00/25 VUs  0m18.5s/7m30s  04.61 iters/s

running (0m20.0s), 00/25 VUs, 47 complete and 0 interrupted iterations
load_reservations   [   4% ] 00/25 VUs  0m19.5s/7m30s  04.87 iters/s

running (0m21.0s), 00/25 VUs, 52 complete and 0 interrupted iterations
load_reservations   [   5% ] 00/25 VUs  0m20.5s/7m30s  05.12 iters/s

running (0m22.0s), 00/25 VUs, 57 complete and 0 interrupted iterations
load_reservations   [   5% ] 00/25 VUs  0m21.5s/7m30s  05.36 iters/s

running (0m23.0s), 01/25 VUs, 62 complete and 0 interrupted iterations
load_reservations   [   5% ] 01/25 VUs  0m22.5s/7m30s  05.63 iters/s

running (0m24.0s), 01/25 VUs, 68 complete and 0 interrupted iterations
load_reservations   [   5% ] 01/25 VUs  0m23.5s/7m30s  05.89 iters/s

running (0m25.0s), 01/25 VUs, 74 complete and 0 interrupted iterations
load_reservations   [   5% ] 01/25 VUs  0m24.5s/7m30s  06.14 iters/s

running (0m26.0s), 01/25 VUs, 80 complete and 0 interrupted iterations
load_reservations   [   6% ] 01/25 VUs  0m25.5s/7m30s  06.38 iters/s

running (0m27.0s), 01/25 VUs, 87 complete and 0 interrupted iterations
load_reservations   [   6% ] 01/25 VUs  0m26.5s/7m30s  06.65 iters/s

running (0m28.0s), 01/25 VUs, 93 complete and 0 interrupted iterations
load_reservations   [   6% ] 01/25 VUs  0m27.5s/7m30s  06.87 iters/s

running (0m29.0s), 01/25 VUs, 100 complete and 0 interrupted iterations
load_reservations   [   6% ] 01/25 VUs  0m28.5s/7m30s  07.12 iters/s

running (0m30.0s), 01/25 VUs, 108 complete and 0 interrupted iterations
load_reservations   [   7% ] 01/25 VUs  0m29.5s/7m30s  07.40 iters/s

running (0m31.0s), 01/25 VUs, 115 complete and 0 interrupted iterations
load_reservations   [   7% ] 01/25 VUs  0m30.5s/7m30s  07.63 iters/s

running (0m32.0s), 01/25 VUs, 123 complete and 0 interrupted iterations
load_reservations   [   7% ] 01/25 VUs  0m31.5s/7m30s  07.89 iters/s

running (0m33.0s), 01/25 VUs, 131 complete and 0 interrupted iterations
load_reservations   [   7% ] 01/25 VUs  0m32.5s/7m30s  08.14 iters/s

running (0m34.0s), 01/25 VUs, 139 complete and 0 interrupted iterations
load_reservations   [   7% ] 01/25 VUs  0m33.5s/7m30s  08.38 iters/s

running (0m35.0s), 02/25 VUs, 147 complete and 0 interrupted iterations
load_reservations   [   8% ] 02/25 VUs  0m34.5s/7m30s  08.65 iters/s

running (0m36.0s), 01/25 VUs, 156 complete and 0 interrupted iterations
load_reservations   [   8% ] 01/25 VUs  0m35.5s/7m30s  08.87 iters/s

running (0m37.0s), 01/25 VUs, 165 complete and 0 interrupted iterations
load_reservations   [   8% ] 01/25 VUs  0m36.5s/7m30s  09.12 iters/s

running (0m38.0s), 02/25 VUs, 174 complete and 0 interrupted iterations
load_reservations   [   8% ] 02/25 VUs  0m37.5s/7m30s  09.39 iters/s

running (0m39.0s), 01/25 VUs, 184 complete and 0 interrupted iterations
load_reservations   [   9% ] 01/25 VUs  0m38.5s/7m30s  09.63 iters/s

running (0m40.0s), 01/25 VUs, 194 complete and 0 interrupted iterations
load_reservations   [   9% ] 01/25 VUs  0m39.5s/7m30s  09.89 iters/s

running (0m41.0s), 01/25 VUs, 204 complete and 0 interrupted iterations
load_reservations   [   9% ] 01/25 VUs  0m40.5s/7m30s  10.14 iters/s

running (0m42.0s), 01/25 VUs, 214 complete and 0 interrupted iterations
load_reservations   [   9% ] 01/25 VUs  0m41.5s/7m30s  10.38 iters/s

running (0m43.0s), 02/25 VUs, 224 complete and 0 interrupted iterations
load_reservations   [   9% ] 02/25 VUs  0m42.5s/7m30s  10.64 iters/s

running (0m44.0s), 01/25 VUs, 235 complete and 0 interrupted iterations
load_reservations   [  10% ] 01/25 VUs  0m43.5s/7m30s  10.87 iters/s

running (0m45.0s), 01/25 VUs, 246 complete and 0 interrupted iterations
load_reservations   [  10% ] 01/25 VUs  0m44.5s/7m30s  11.12 iters/s

running (0m46.0s), 02/25 VUs, 257 complete and 0 interrupted iterations
load_reservations   [  10% ] 02/25 VUs  0m45.5s/7m30s  11.39 iters/s

running (0m47.0s), 01/25 VUs, 269 complete and 0 interrupted iterations
load_reservations   [  10% ] 01/25 VUs  0m46.5s/7m30s  11.63 iters/s

running (0m48.0s), 02/25 VUs, 280 complete and 0 interrupted iterations
load_reservations   [  11% ] 02/25 VUs  0m47.5s/7m30s  11.88 iters/s

running (0m49.0s), 02/25 VUs, 292 complete and 0 interrupted iterations
load_reservations   [  11% ] 02/25 VUs  0m48.5s/7m30s  12.13 iters/s

running (0m50.0s), 01/25 VUs, 305 complete and 0 interrupted iterations
load_reservations   [  11% ] 01/25 VUs  0m49.5s/7m30s  12.38 iters/s

running (0m51.0s), 02/25 VUs, 317 complete and 0 interrupted iterations
load_reservations   [  11% ] 02/25 VUs  0m50.5s/7m30s  12.64 iters/s

running (0m52.0s), 01/25 VUs, 330 complete and 0 interrupted iterations
load_reservations   [  11% ] 01/25 VUs  0m51.5s/7m30s  12.87 iters/s

running (0m53.0s), 01/25 VUs, 343 complete and 0 interrupted iterations
load_reservations   [  12% ] 01/25 VUs  0m52.5s/7m30s  13.12 iters/s

running (0m54.0s), 02/25 VUs, 356 complete and 0 interrupted iterations
load_reservations   [  12% ] 02/25 VUs  0m53.5s/7m30s  13.39 iters/s

running (0m55.0s), 01/25 VUs, 370 complete and 0 interrupted iterations
load_reservations   [  12% ] 01/25 VUs  0m54.5s/7m30s  13.63 iters/s

running (0m56.0s), 02/25 VUs, 383 complete and 0 interrupted iterations
load_reservations   [  12% ] 02/25 VUs  0m55.5s/7m30s  13.88 iters/s

running (0m57.0s), 02/25 VUs, 397 complete and 0 interrupted iterations
load_reservations   [  13% ] 02/25 VUs  0m56.5s/7m30s  14.13 iters/s

running (0m58.0s), 02/25 VUs, 411 complete and 0 interrupted iterations
load_reservations   [  13% ] 02/25 VUs  0m57.5s/7m30s  14.38 iters/s

running (0m59.0s), 02/25 VUs, 426 complete and 0 interrupted iterations
load_reservations   [  13% ] 02/25 VUs  0m58.5s/7m30s  14.64 iters/s

running (1m00.0s), 02/25 VUs, 441 complete and 0 interrupted iterations
load_reservations   [  13% ] 02/25 VUs  0m59.5s/7m30s  14.89 iters/s

running (1m01.0s), 02/25 VUs, 456 complete and 0 interrupted iterations
load_reservations   [  13% ] 02/25 VUs  1m00.5s/7m30s  15.00 iters/s

running (1m02.0s), 02/25 VUs, 471 complete and 0 interrupted iterations
load_reservations   [  14% ] 02/25 VUs  1m01.5s/7m30s  15.00 iters/s

running (1m03.0s), 01/25 VUs, 486 complete and 0 interrupted iterations
load_reservations   [  14% ] 01/25 VUs  1m02.5s/7m30s  15.00 iters/s

running (1m04.0s), 01/25 VUs, 501 complete and 0 interrupted iterations
load_reservations   [  14% ] 02/25 VUs  1m03.5s/7m30s  15.00 iters/s

running (1m05.0s), 02/25 VUs, 516 complete and 0 interrupted iterations
load_reservations   [  14% ] 02/25 VUs  1m04.5s/7m30s  15.00 iters/s

running (1m06.0s), 02/25 VUs, 531 complete and 0 interrupted iterations
load_reservations   [  15% ] 02/25 VUs  1m05.5s/7m30s  15.00 iters/s

running (1m07.0s), 01/25 VUs, 546 complete and 0 interrupted iterations
load_reservations   [  15% ] 01/25 VUs  1m06.5s/7m30s  15.00 iters/s

running (1m08.0s), 02/25 VUs, 561 complete and 0 interrupted iterations
load_reservations   [  15% ] 02/25 VUs  1m07.5s/7m30s  15.00 iters/s

running (1m09.0s), 02/25 VUs, 576 complete and 0 interrupted iterations
load_reservations   [  15% ] 02/25 VUs  1m08.5s/7m30s  15.00 iters/s

running (1m10.0s), 02/25 VUs, 591 complete and 0 interrupted iterations
load_reservations   [  15% ] 02/25 VUs  1m09.5s/7m30s  15.00 iters/s

running (1m11.0s), 01/25 VUs, 606 complete and 0 interrupted iterations
load_reservations   [  16% ] 01/25 VUs  1m10.5s/7m30s  15.00 iters/s

running (1m12.0s), 02/25 VUs, 621 complete and 0 interrupted iterations
load_reservations   [  16% ] 02/25 VUs  1m11.5s/7m30s  15.00 iters/s

running (1m13.0s), 02/25 VUs, 636 complete and 0 interrupted iterations
load_reservations   [  16% ] 02/25 VUs  1m12.5s/7m30s  15.00 iters/s

running (1m14.0s), 01/25 VUs, 651 complete and 0 interrupted iterations
load_reservations   [  16% ] 01/25 VUs  1m13.5s/7m30s  15.00 iters/s

running (1m15.0s), 02/25 VUs, 666 complete and 0 interrupted iterations
load_reservations   [  17% ] 02/25 VUs  1m14.5s/7m30s  15.00 iters/s

running (1m16.0s), 01/25 VUs, 681 complete and 0 interrupted iterations
load_reservations   [  17% ] 01/25 VUs  1m15.5s/7m30s  15.00 iters/s

running (1m17.0s), 01/25 VUs, 696 complete and 0 interrupted iterations
load_reservations   [  17% ] 01/25 VUs  1m16.5s/7m30s  15.00 iters/s

running (1m18.0s), 02/25 VUs, 711 complete and 0 interrupted iterations
load_reservations   [  17% ] 02/25 VUs  1m17.5s/7m30s  15.00 iters/s

running (1m19.0s), 02/25 VUs, 726 complete and 0 interrupted iterations
load_reservations   [  17% ] 02/25 VUs  1m18.5s/7m30s  15.00 iters/s

running (1m20.0s), 01/25 VUs, 741 complete and 0 interrupted iterations
load_reservations   [  18% ] 01/25 VUs  1m19.5s/7m30s  15.00 iters/s

running (1m21.0s), 02/25 VUs, 756 complete and 0 interrupted iterations
load_reservations   [  18% ] 02/25 VUs  1m20.5s/7m30s  15.00 iters/s

running (1m22.0s), 01/25 VUs, 771 complete and 0 interrupted iterations
load_reservations   [  18% ] 01/25 VUs  1m21.5s/7m30s  15.00 iters/s

running (1m23.0s), 01/25 VUs, 786 complete and 0 interrupted iterations
load_reservations   [  18% ] 01/25 VUs  1m22.5s/7m30s  15.00 iters/s

running (1m24.0s), 01/25 VUs, 801 complete and 0 interrupted iterations
load_reservations   [  19% ] 01/25 VUs  1m23.5s/7m30s  15.00 iters/s

running (1m25.0s), 02/25 VUs, 816 complete and 0 interrupted iterations
load_reservations   [  19% ] 02/25 VUs  1m24.5s/7m30s  15.00 iters/s

running (1m26.0s), 01/25 VUs, 831 complete and 0 interrupted iterations
load_reservations   [  19% ] 01/25 VUs  1m25.5s/7m30s  15.00 iters/s

running (1m27.0s), 01/25 VUs, 846 complete and 0 interrupted iterations
load_reservations   [  19% ] 02/25 VUs  1m26.5s/7m30s  15.00 iters/s

running (1m28.0s), 01/25 VUs, 861 complete and 0 interrupted iterations
load_reservations   [  19% ] 01/25 VUs  1m27.5s/7m30s  15.00 iters/s

running (1m29.0s), 02/25 VUs, 876 complete and 0 interrupted iterations
load_reservations   [  20% ] 02/25 VUs  1m28.5s/7m30s  15.00 iters/s

running (1m30.0s), 01/25 VUs, 891 complete and 0 interrupted iterations
load_reservations   [  20% ] 01/25 VUs  1m29.5s/7m30s  15.00 iters/s

running (1m31.0s), 02/25 VUs, 906 complete and 0 interrupted iterations
load_reservations   [  20% ] 02/25 VUs  1m30.5s/7m30s  15.00 iters/s

running (1m32.0s), 01/25 VUs, 921 complete and 0 interrupted iterations
load_reservations   [  20% ] 01/25 VUs  1m31.5s/7m30s  15.00 iters/s

running (1m33.0s), 01/25 VUs, 936 complete and 0 interrupted iterations
load_reservations   [  21% ] 01/25 VUs  1m32.5s/7m30s  15.00 iters/s

running (1m34.0s), 01/25 VUs, 951 complete and 0 interrupted iterations
load_reservations   [  21% ] 01/25 VUs  1m33.5s/7m30s  15.00 iters/s

running (1m35.0s), 02/25 VUs, 966 complete and 0 interrupted iterations
load_reservations   [  21% ] 02/25 VUs  1m34.5s/7m30s  15.00 iters/s

running (1m36.0s), 02/25 VUs, 981 complete and 0 interrupted iterations
load_reservations   [  21% ] 02/25 VUs  1m35.5s/7m30s  15.00 iters/s

running (1m37.0s), 02/25 VUs, 996 complete and 0 interrupted iterations
load_reservations   [  21% ] 02/25 VUs  1m36.5s/7m30s  15.00 iters/s

running (1m38.0s), 02/25 VUs, 1011 complete and 0 interrupted iterations
load_reservations   [  22% ] 02/25 VUs  1m37.5s/7m30s  15.00 iters/s

running (1m39.0s), 02/25 VUs, 1026 complete and 0 interrupted iterations
load_reservations   [  22% ] 02/25 VUs  1m38.5s/7m30s  15.00 iters/s

running (1m40.0s), 02/25 VUs, 1041 complete and 0 interrupted iterations
load_reservations   [  22% ] 02/25 VUs  1m39.5s/7m30s  15.00 iters/s

running (1m41.0s), 02/25 VUs, 1056 complete and 0 interrupted iterations
load_reservations   [  22% ] 02/25 VUs  1m40.5s/7m30s  15.00 iters/s

running (1m42.0s), 02/25 VUs, 1071 complete and 0 interrupted iterations
load_reservations   [  23% ] 02/25 VUs  1m41.5s/7m30s  15.00 iters/s

running (1m43.0s), 01/25 VUs, 1086 complete and 0 interrupted iterations
load_reservations   [  23% ] 01/25 VUs  1m42.5s/7m30s  15.00 iters/s

running (1m44.0s), 02/25 VUs, 1101 complete and 0 interrupted iterations
load_reservations   [  23% ] 02/25 VUs  1m43.5s/7m30s  15.00 iters/s

running (1m45.0s), 01/25 VUs, 1116 complete and 0 interrupted iterations
load_reservations   [  23% ] 01/25 VUs  1m44.5s/7m30s  15.00 iters/s

running (1m46.0s), 01/25 VUs, 1131 complete and 0 interrupted iterations
load_reservations   [  23% ] 01/25 VUs  1m45.5s/7m30s  15.00 iters/s

running (1m47.0s), 02/25 VUs, 1146 complete and 0 interrupted iterations
load_reservations   [  24% ] 02/25 VUs  1m46.5s/7m30s  15.00 iters/s

running (1m48.0s), 01/25 VUs, 1161 complete and 0 interrupted iterations
load_reservations   [  24% ] 01/25 VUs  1m47.5s/7m30s  15.00 iters/s

running (1m49.0s), 02/25 VUs, 1176 complete and 0 interrupted iterations
load_reservations   [  24% ] 02/25 VUs  1m48.5s/7m30s  15.00 iters/s

running (1m50.0s), 01/25 VUs, 1191 complete and 0 interrupted iterations
load_reservations   [  24% ] 01/25 VUs  1m49.5s/7m30s  15.00 iters/s

running (1m51.0s), 02/25 VUs, 1206 complete and 0 interrupted iterations
load_reservations   [  25% ] 02/25 VUs  1m50.5s/7m30s  15.00 iters/s

running (1m52.0s), 02/25 VUs, 1221 complete and 0 interrupted iterations
load_reservations   [  25% ] 02/25 VUs  1m51.5s/7m30s  15.00 iters/s

running (1m53.0s), 02/25 VUs, 1236 complete and 0 interrupted iterations
load_reservations   [  25% ] 02/25 VUs  1m52.5s/7m30s  15.00 iters/s

running (1m54.0s), 02/25 VUs, 1251 complete and 0 interrupted iterations
load_reservations   [  25% ] 02/25 VUs  1m53.5s/7m30s  15.00 iters/s

running (1m55.0s), 02/25 VUs, 1266 complete and 0 interrupted iterations
load_reservations   [  25% ] 02/25 VUs  1m54.5s/7m30s  15.00 iters/s

running (1m56.0s), 02/25 VUs, 1281 complete and 0 interrupted iterations
load_reservations   [  26% ] 02/25 VUs  1m55.5s/7m30s  15.00 iters/s

running (1m57.0s), 02/25 VUs, 1296 complete and 0 interrupted iterations
load_reservations   [  26% ] 02/25 VUs  1m56.5s/7m30s  15.00 iters/s

running (1m58.0s), 02/25 VUs, 1311 complete and 0 interrupted iterations
load_reservations   [  26% ] 02/25 VUs  1m57.5s/7m30s  15.00 iters/s

running (1m59.0s), 02/25 VUs, 1326 complete and 0 interrupted iterations
load_reservations   [  26% ] 02/25 VUs  1m58.5s/7m30s  15.00 iters/s

running (2m00.0s), 02/25 VUs, 1341 complete and 0 interrupted iterations
load_reservations   [  27% ] 02/25 VUs  1m59.5s/7m30s  15.00 iters/s

running (2m01.0s), 02/25 VUs, 1356 complete and 0 interrupted iterations
load_reservations   [  27% ] 02/25 VUs  2m00.5s/7m30s  15.00 iters/s

running (2m02.0s), 01/25 VUs, 1371 complete and 0 interrupted iterations
load_reservations   [  27% ] 01/25 VUs  2m01.5s/7m30s  15.00 iters/s

running (2m03.0s), 02/25 VUs, 1386 complete and 0 interrupted iterations
load_reservations   [  27% ] 02/25 VUs  2m02.5s/7m30s  15.00 iters/s

running (2m04.0s), 01/25 VUs, 1401 complete and 0 interrupted iterations
load_reservations   [  27% ] 02/25 VUs  2m03.5s/7m30s  15.00 iters/s

running (2m05.0s), 02/25 VUs, 1416 complete and 0 interrupted iterations
load_reservations   [  28% ] 02/25 VUs  2m04.5s/7m30s  15.00 iters/s

running (2m06.0s), 01/25 VUs, 1431 complete and 0 interrupted iterations
load_reservations   [  28% ] 01/25 VUs  2m05.5s/7m30s  15.00 iters/s

running (2m07.0s), 01/25 VUs, 1446 complete and 0 interrupted iterations
load_reservations   [  28% ] 01/25 VUs  2m06.5s/7m30s  15.00 iters/s

running (2m08.0s), 02/25 VUs, 1461 complete and 0 interrupted iterations
load_reservations   [  28% ] 02/25 VUs  2m07.5s/7m30s  15.00 iters/s

running (2m09.0s), 02/25 VUs, 1476 complete and 0 interrupted iterations
load_reservations   [  29% ] 02/25 VUs  2m08.5s/7m30s  15.00 iters/s

running (2m10.0s), 02/25 VUs, 1491 complete and 0 interrupted iterations
load_reservations   [  29% ] 02/25 VUs  2m09.5s/7m30s  15.00 iters/s

running (2m11.0s), 01/25 VUs, 1506 complete and 0 interrupted iterations
load_reservations   [  29% ] 01/25 VUs  2m10.5s/7m30s  15.00 iters/s

running (2m12.0s), 01/25 VUs, 1521 complete and 0 interrupted iterations
load_reservations   [  29% ] 01/25 VUs  2m11.5s/7m30s  15.00 iters/s

running (2m13.0s), 02/25 VUs, 1536 complete and 0 interrupted iterations
load_reservations   [  29% ] 02/25 VUs  2m12.5s/7m30s  15.00 iters/s

running (2m14.0s), 02/25 VUs, 1551 complete and 0 interrupted iterations
load_reservations   [  30% ] 02/25 VUs  2m13.5s/7m30s  15.00 iters/s

running (2m15.0s), 02/25 VUs, 1566 complete and 0 interrupted iterations
load_reservations   [  30% ] 02/25 VUs  2m14.5s/7m30s  15.00 iters/s

running (2m16.0s), 02/25 VUs, 1581 complete and 0 interrupted iterations
load_reservations   [  30% ] 02/25 VUs  2m15.5s/7m30s  15.00 iters/s

running (2m17.0s), 02/25 VUs, 1596 complete and 0 interrupted iterations
load_reservations   [  30% ] 02/25 VUs  2m16.5s/7m30s  15.00 iters/s

running (2m18.0s), 02/25 VUs, 1611 complete and 0 interrupted iterations
load_reservations   [  31% ] 02/25 VUs  2m17.5s/7m30s  15.00 iters/s

running (2m19.0s), 02/25 VUs, 1626 complete and 0 interrupted iterations
load_reservations   [  31% ] 02/25 VUs  2m18.5s/7m30s  15.00 iters/s

running (2m20.0s), 02/25 VUs, 1641 complete and 0 interrupted iterations
load_reservations   [  31% ] 02/25 VUs  2m19.5s/7m30s  15.00 iters/s

running (2m21.0s), 02/25 VUs, 1656 complete and 0 interrupted iterations
load_reservations   [  31% ] 02/25 VUs  2m20.5s/7m30s  15.00 iters/s

running (2m22.0s), 02/25 VUs, 1671 complete and 0 interrupted iterations
load_reservations   [  31% ] 02/25 VUs  2m21.5s/7m30s  15.00 iters/s

running (2m23.0s), 02/25 VUs, 1686 complete and 0 interrupted iterations
load_reservations   [  32% ] 02/25 VUs  2m22.5s/7m30s  15.00 iters/s

running (2m24.0s), 01/25 VUs, 1701 complete and 0 interrupted iterations
load_reservations   [  32% ] 01/25 VUs  2m23.5s/7m30s  15.00 iters/s

running (2m25.0s), 02/25 VUs, 1716 complete and 0 interrupted iterations
load_reservations   [  32% ] 02/25 VUs  2m24.5s/7m30s  15.00 iters/s

running (2m26.0s), 02/25 VUs, 1731 complete and 0 interrupted iterations
load_reservations   [  32% ] 02/25 VUs  2m25.5s/7m30s  15.00 iters/s

running (2m27.0s), 02/25 VUs, 1746 complete and 0 interrupted iterations
load_reservations   [  33% ] 02/25 VUs  2m26.5s/7m30s  15.00 iters/s

running (2m28.0s), 02/25 VUs, 1761 complete and 0 interrupted iterations
load_reservations   [  33% ] 02/25 VUs  2m27.5s/7m30s  15.00 iters/s

running (2m29.0s), 01/25 VUs, 1776 complete and 0 interrupted iterations
load_reservations   [  33% ] 01/25 VUs  2m28.5s/7m30s  15.00 iters/s

running (2m30.0s), 02/25 VUs, 1791 complete and 0 interrupted iterations
load_reservations   [  33% ] 02/25 VUs  2m29.5s/7m30s  15.00 iters/s

running (2m31.0s), 01/25 VUs, 1806 complete and 0 interrupted iterations
load_reservations   [  33% ] 01/25 VUs  2m30.5s/7m30s  15.00 iters/s

running (2m32.0s), 02/25 VUs, 1821 complete and 0 interrupted iterations
load_reservations   [  34% ] 02/25 VUs  2m31.5s/7m30s  15.00 iters/s

running (2m33.0s), 01/25 VUs, 1836 complete and 0 interrupted iterations
load_reservations   [  34% ] 01/25 VUs  2m32.5s/7m30s  15.00 iters/s

running (2m34.0s), 02/25 VUs, 1851 complete and 0 interrupted iterations
load_reservations   [  34% ] 02/25 VUs  2m33.5s/7m30s  15.00 iters/s

running (2m35.0s), 02/25 VUs, 1866 complete and 0 interrupted iterations
load_reservations   [  34% ] 02/25 VUs  2m34.5s/7m30s  15.00 iters/s

running (2m36.0s), 02/25 VUs, 1881 complete and 0 interrupted iterations
load_reservations   [  35% ] 02/25 VUs  2m35.5s/7m30s  15.00 iters/s

running (2m37.0s), 01/25 VUs, 1896 complete and 0 interrupted iterations
load_reservations   [  35% ] 01/25 VUs  2m36.5s/7m30s  15.00 iters/s

running (2m38.0s), 02/25 VUs, 1911 complete and 0 interrupted iterations
load_reservations   [  35% ] 02/25 VUs  2m37.5s/7m30s  15.00 iters/s

running (2m39.0s), 02/25 VUs, 1926 complete and 0 interrupted iterations
load_reservations   [  35% ] 02/25 VUs  2m38.5s/7m30s  15.00 iters/s

running (2m40.0s), 02/25 VUs, 1941 complete and 0 interrupted iterations
load_reservations   [  35% ] 02/25 VUs  2m39.5s/7m30s  15.00 iters/s

running (2m41.0s), 02/25 VUs, 1956 complete and 0 interrupted iterations
load_reservations   [  36% ] 02/25 VUs  2m40.5s/7m30s  15.00 iters/s

running (2m42.0s), 01/25 VUs, 1971 complete and 0 interrupted iterations
load_reservations   [  36% ] 01/25 VUs  2m41.5s/7m30s  15.00 iters/s

running (2m43.0s), 03/25 VUs, 1985 complete and 0 interrupted iterations
load_reservations   [  36% ] 03/25 VUs  2m42.5s/7m30s  15.00 iters/s

running (2m44.0s), 01/25 VUs, 2001 complete and 0 interrupted iterations
load_reservations   [  36% ] 01/25 VUs  2m43.5s/7m30s  15.00 iters/s

running (2m45.0s), 02/25 VUs, 2016 complete and 0 interrupted iterations
load_reservations   [  37% ] 02/25 VUs  2m44.5s/7m30s  15.00 iters/s

running (2m46.0s), 02/25 VUs, 2031 complete and 0 interrupted iterations
load_reservations   [  37% ] 02/25 VUs  2m45.5s/7m30s  15.00 iters/s

running (2m47.0s), 02/25 VUs, 2046 complete and 0 interrupted iterations
load_reservations   [  37% ] 02/25 VUs  2m46.5s/7m30s  15.00 iters/s

running (2m48.0s), 01/25 VUs, 2061 complete and 0 interrupted iterations
load_reservations   [  37% ] 01/25 VUs  2m47.5s/7m30s  15.00 iters/s

running (2m49.0s), 01/25 VUs, 2076 complete and 0 interrupted iterations
load_reservations   [  37% ] 01/25 VUs  2m48.5s/7m30s  15.00 iters/s

running (2m50.0s), 02/25 VUs, 2091 complete and 0 interrupted iterations
load_reservations   [  38% ] 02/25 VUs  2m49.5s/7m30s  15.00 iters/s

running (2m51.0s), 02/25 VUs, 2106 complete and 0 interrupted iterations
load_reservations   [  38% ] 02/25 VUs  2m50.5s/7m30s  15.00 iters/s

running (2m52.0s), 02/25 VUs, 2121 complete and 0 interrupted iterations
load_reservations   [  38% ] 02/25 VUs  2m51.5s/7m30s  15.00 iters/s

running (2m53.0s), 02/25 VUs, 2136 complete and 0 interrupted iterations
load_reservations   [  38% ] 02/25 VUs  2m52.5s/7m30s  15.00 iters/s

running (2m54.0s), 02/25 VUs, 2151 complete and 0 interrupted iterations
load_reservations   [  39% ] 02/25 VUs  2m53.5s/7m30s  15.00 iters/s

running (2m55.0s), 01/25 VUs, 2166 complete and 0 interrupted iterations
load_reservations   [  39% ] 01/25 VUs  2m54.5s/7m30s  15.00 iters/s

running (2m56.0s), 02/25 VUs, 2181 complete and 0 interrupted iterations
load_reservations   [  39% ] 02/25 VUs  2m55.5s/7m30s  15.00 iters/s

running (2m57.0s), 01/25 VUs, 2196 complete and 0 interrupted iterations
load_reservations   [  39% ] 01/25 VUs  2m56.5s/7m30s  15.00 iters/s

running (2m58.0s), 02/25 VUs, 2211 complete and 0 interrupted iterations
load_reservations   [  39% ] 02/25 VUs  2m57.5s/7m30s  15.00 iters/s

running (2m59.0s), 02/25 VUs, 2226 complete and 0 interrupted iterations
load_reservations   [  40% ] 02/25 VUs  2m58.5s/7m30s  15.00 iters/s

running (3m00.0s), 02/25 VUs, 2241 complete and 0 interrupted iterations
load_reservations   [  40% ] 02/25 VUs  2m59.5s/7m30s  15.00 iters/s

running (3m01.0s), 02/25 VUs, 2256 complete and 0 interrupted iterations
load_reservations   [  40% ] 02/25 VUs  3m00.5s/7m30s  15.14 iters/s

running (3m02.0s), 02/25 VUs, 2271 complete and 0 interrupted iterations
load_reservations   [  40% ] 02/25 VUs  3m01.5s/7m30s  15.39 iters/s

running (3m03.0s), 02/25 VUs, 2286 complete and 0 interrupted iterations
load_reservations   [  41% ] 02/25 VUs  3m02.5s/7m30s  15.63 iters/s

running (3m04.0s), 02/25 VUs, 2302 complete and 0 interrupted iterations
load_reservations   [  41% ] 02/25 VUs  3m03.5s/7m30s  15.88 iters/s

running (3m05.0s), 02/25 VUs, 2318 complete and 0 interrupted iterations
load_reservations   [  41% ] 02/25 VUs  3m04.5s/7m30s  16.13 iters/s

running (3m06.0s), 02/25 VUs, 2334 complete and 0 interrupted iterations
load_reservations   [  41% ] 02/25 VUs  3m05.5s/7m30s  16.38 iters/s

running (3m07.0s), 02/25 VUs, 2351 complete and 0 interrupted iterations
load_reservations   [  41% ] 02/25 VUs  3m06.5s/7m30s  16.64 iters/s

running (3m08.0s), 02/25 VUs, 2368 complete and 0 interrupted iterations
load_reservations   [  42% ] 02/25 VUs  3m07.5s/7m30s  16.89 iters/s

running (3m09.0s), 03/25 VUs, 2384 complete and 0 interrupted iterations
load_reservations   [  42% ] 03/25 VUs  3m08.5s/7m30s  17.14 iters/s

running (3m10.0s), 02/25 VUs, 2402 complete and 0 interrupted iterations
load_reservations   [  42% ] 02/25 VUs  3m09.5s/7m30s  17.39 iters/s

running (3m11.0s), 02/25 VUs, 2419 complete and 0 interrupted iterations
load_reservations   [  42% ] 02/25 VUs  3m10.5s/7m30s  17.63 iters/s

running (3m12.0s), 02/25 VUs, 2437 complete and 0 interrupted iterations
load_reservations   [  43% ] 02/25 VUs  3m11.5s/7m30s  17.88 iters/s

running (3m13.0s), 02/25 VUs, 2455 complete and 0 interrupted iterations
load_reservations   [  43% ] 02/25 VUs  3m12.5s/7m30s  18.13 iters/s

running (3m14.0s), 02/25 VUs, 2473 complete and 0 interrupted iterations
load_reservations   [  43% ] 02/25 VUs  3m13.5s/7m30s  18.38 iters/s

running (3m15.0s), 03/25 VUs, 2491 complete and 0 interrupted iterations
load_reservations   [  43% ] 03/25 VUs  3m14.5s/7m30s  18.63 iters/s

running (3m16.0s), 03/25 VUs, 2510 complete and 0 interrupted iterations
load_reservations   [  43% ] 03/25 VUs  3m15.5s/7m30s  18.89 iters/s

running (3m17.0s), 03/25 VUs, 2529 complete and 0 interrupted iterations
load_reservations   [  44% ] 03/25 VUs  3m16.5s/7m30s  19.14 iters/s

running (3m18.0s), 02/25 VUs, 2549 complete and 0 interrupted iterations
load_reservations   [  44% ] 02/25 VUs  3m17.5s/7m30s  19.38 iters/s

running (3m19.0s), 02/25 VUs, 2568 complete and 0 interrupted iterations
load_reservations   [  44% ] 02/25 VUs  3m18.5s/7m30s  19.63 iters/s

running (3m20.0s), 02/25 VUs, 2588 complete and 0 interrupted iterations
load_reservations   [  44% ] 02/25 VUs  3m19.5s/7m30s  19.88 iters/s

running (3m21.0s), 02/25 VUs, 2608 complete and 0 interrupted iterations
load_reservations   [  45% ] 02/25 VUs  3m20.5s/7m30s  20.13 iters/s

running (3m22.0s), 02/25 VUs, 2628 complete and 0 interrupted iterations
load_reservations   [  45% ] 02/25 VUs  3m21.5s/7m30s  20.38 iters/s

running (3m23.0s), 03/25 VUs, 2648 complete and 0 interrupted iterations
load_reservations   [  45% ] 03/25 VUs  3m22.5s/7m30s  20.63 iters/s

running (3m24.0s), 03/25 VUs, 2669 complete and 0 interrupted iterations
load_reservations   [  45% ] 03/25 VUs  3m23.5s/7m30s  20.89 iters/s

running (3m25.0s), 03/25 VUs, 2690 complete and 0 interrupted iterations
load_reservations   [  45% ] 03/25 VUs  3m24.5s/7m30s  21.14 iters/s

running (3m26.0s), 03/25 VUs, 2711 complete and 0 interrupted iterations
load_reservations   [  46% ] 03/25 VUs  3m25.5s/7m30s  21.38 iters/s

running (3m27.0s), 03/25 VUs, 2733 complete and 0 interrupted iterations
load_reservations   [  46% ] 03/25 VUs  3m26.5s/7m30s  21.64 iters/s

running (3m28.0s), 02/25 VUs, 2755 complete and 0 interrupted iterations
load_reservations   [  46% ] 02/25 VUs  3m27.5s/7m30s  21.88 iters/s

running (3m29.0s), 02/25 VUs, 2777 complete and 0 interrupted iterations
load_reservations   [  46% ] 02/25 VUs  3m28.5s/7m30s  22.13 iters/s

running (3m30.0s), 03/25 VUs, 2799 complete and 0 interrupted iterations
load_reservations   [  47% ] 03/25 VUs  3m29.5s/7m30s  22.39 iters/s

running (3m31.0s), 03/25 VUs, 2821 complete and 0 interrupted iterations
load_reservations   [  47% ] 03/25 VUs  3m30.5s/7m30s  22.63 iters/s

running (3m32.0s), 03/25 VUs, 2844 complete and 0 interrupted iterations
load_reservations   [  47% ] 03/25 VUs  3m31.5s/7m30s  22.89 iters/s

running (3m33.0s), 03/25 VUs, 2867 complete and 0 interrupted iterations
load_reservations   [  47% ] 03/25 VUs  3m32.5s/7m30s  23.14 iters/s

running (3m34.0s), 03/25 VUs, 2890 complete and 0 interrupted iterations
load_reservations   [  47% ] 03/25 VUs  3m33.5s/7m30s  23.38 iters/s

running (3m35.0s), 03/25 VUs, 2914 complete and 0 interrupted iterations
load_reservations   [  48% ] 03/25 VUs  3m34.5s/7m30s  23.64 iters/s

running (3m36.0s), 03/25 VUs, 2937 complete and 0 interrupted iterations
load_reservations   [  48% ] 03/25 VUs  3m35.5s/7m30s  23.88 iters/s

running (3m37.0s), 02/25 VUs, 2962 complete and 0 interrupted iterations
load_reservations   [  48% ] 02/25 VUs  3m36.5s/7m30s  24.13 iters/s

running (3m38.0s), 03/25 VUs, 2986 complete and 0 interrupted iterations
load_reservations   [  48% ] 03/25 VUs  3m37.5s/7m30s  24.39 iters/s

running (3m39.0s), 03/25 VUs, 3010 complete and 0 interrupted iterations
load_reservations   [  49% ] 03/25 VUs  3m38.5s/7m30s  24.63 iters/s

running (3m40.0s), 03/25 VUs, 3035 complete and 0 interrupted iterations
load_reservations   [  49% ] 03/25 VUs  3m39.5s/7m30s  24.88 iters/s

running (3m41.0s), 03/25 VUs, 3060 complete and 0 interrupted iterations
load_reservations   [  49% ] 03/25 VUs  3m40.5s/7m30s  25.13 iters/s

running (3m42.0s), 03/25 VUs, 3085 complete and 0 interrupted iterations
load_reservations   [  49% ] 03/25 VUs  3m41.5s/7m30s  25.38 iters/s

running (3m43.0s), 04/25 VUs, 3110 complete and 0 interrupted iterations
load_reservations   [  49% ] 04/25 VUs  3m42.5s/7m30s  25.64 iters/s

running (3m44.0s), 03/25 VUs, 3136 complete and 0 interrupted iterations
load_reservations   [  50% ] 03/25 VUs  3m43.5s/7m30s  25.88 iters/s

running (3m45.0s), 03/25 VUs, 3162 complete and 0 interrupted iterations
load_reservations   [  50% ] 03/25 VUs  3m44.5s/7m30s  26.13 iters/s

running (3m46.0s), 04/25 VUs, 3188 complete and 0 interrupted iterations
load_reservations   [  50% ] 04/25 VUs  3m45.5s/7m30s  26.39 iters/s

running (3m47.0s), 03/25 VUs, 3215 complete and 0 interrupted iterations
load_reservations   [  50% ] 03/25 VUs  3m46.5s/7m30s  26.63 iters/s

running (3m48.0s), 03/25 VUs, 3242 complete and 0 interrupted iterations
load_reservations   [  51% ] 03/25 VUs  3m47.5s/7m30s  26.88 iters/s

running (3m49.0s), 03/25 VUs, 3269 complete and 0 interrupted iterations
load_reservations   [  51% ] 03/25 VUs  3m48.5s/7m30s  27.13 iters/s

running (3m50.0s), 03/25 VUs, 3296 complete and 0 interrupted iterations
load_reservations   [  51% ] 03/25 VUs  3m49.5s/7m30s  27.38 iters/s

running (3m51.0s), 04/25 VUs, 3323 complete and 0 interrupted iterations
load_reservations   [  51% ] 04/25 VUs  3m50.5s/7m30s  27.64 iters/s

running (3m52.0s), 04/25 VUs, 3351 complete and 0 interrupted iterations
load_reservations   [  51% ] 04/25 VUs  3m51.5s/7m30s  27.89 iters/s

running (3m53.0s), 04/25 VUs, 3379 complete and 0 interrupted iterations
load_reservations   [  52% ] 04/25 VUs  3m52.5s/7m30s  28.14 iters/s

running (3m54.0s), 04/25 VUs, 3407 complete and 0 interrupted iterations
load_reservations   [  52% ] 04/25 VUs  3m53.5s/7m30s  28.39 iters/s

running (3m55.0s), 03/25 VUs, 3436 complete and 0 interrupted iterations
load_reservations   [  52% ] 03/25 VUs  3m54.5s/7m30s  28.63 iters/s

running (3m56.0s), 04/25 VUs, 3464 complete and 0 interrupted iterations
load_reservations   [  52% ] 04/25 VUs  3m55.5s/7m30s  28.88 iters/s

running (3m57.0s), 03/25 VUs, 3494 complete and 0 interrupted iterations
load_reservations   [  53% ] 03/25 VUs  3m56.5s/7m30s  29.13 iters/s

running (3m58.0s), 03/25 VUs, 3523 complete and 0 interrupted iterations
load_reservations   [  53% ] 03/25 VUs  3m57.5s/7m30s  29.38 iters/s

running (3m59.0s), 04/25 VUs, 3552 complete and 0 interrupted iterations
load_reservations   [  53% ] 04/25 VUs  3m58.5s/7m30s  29.64 iters/s

running (4m00.0s), 04/25 VUs, 3582 complete and 0 interrupted iterations
load_reservations   [  53% ] 04/25 VUs  3m59.5s/7m30s  29.89 iters/s

running (4m01.0s), 04/25 VUs, 3612 complete and 0 interrupted iterations
load_reservations   [  53% ] 04/25 VUs  4m00.5s/7m30s  30.00 iters/s

running (4m02.0s), 04/25 VUs, 3642 complete and 0 interrupted iterations
load_reservations   [  54% ] 04/25 VUs  4m01.5s/7m30s  30.00 iters/s

running (4m03.0s), 03/25 VUs, 3672 complete and 0 interrupted iterations
load_reservations   [  54% ] 03/25 VUs  4m02.5s/7m30s  30.00 iters/s

running (4m04.0s), 04/25 VUs, 3702 complete and 0 interrupted iterations
load_reservations   [  54% ] 04/25 VUs  4m03.5s/7m30s  30.00 iters/s

running (4m05.0s), 03/25 VUs, 3732 complete and 0 interrupted iterations
load_reservations   [  54% ] 03/25 VUs  4m04.5s/7m30s  30.00 iters/s

running (4m06.0s), 04/25 VUs, 3762 complete and 0 interrupted iterations
load_reservations   [  55% ] 04/25 VUs  4m05.5s/7m30s  30.00 iters/s

running (4m07.0s), 04/25 VUs, 3792 complete and 0 interrupted iterations
load_reservations   [  55% ] 04/25 VUs  4m06.5s/7m30s  30.00 iters/s

running (4m08.0s), 04/25 VUs, 3822 complete and 0 interrupted iterations
load_reservations   [  55% ] 04/25 VUs  4m07.5s/7m30s  30.00 iters/s

running (4m09.0s), 04/25 VUs, 3852 complete and 0 interrupted iterations
load_reservations   [  55% ] 04/25 VUs  4m08.5s/7m30s  30.00 iters/s

running (4m10.0s), 04/25 VUs, 3882 complete and 0 interrupted iterations
load_reservations   [  55% ] 04/25 VUs  4m09.5s/7m30s  30.00 iters/s

running (4m11.0s), 04/25 VUs, 3912 complete and 0 interrupted iterations
load_reservations   [  56% ] 04/25 VUs  4m10.5s/7m30s  30.00 iters/s

running (4m12.0s), 03/25 VUs, 3942 complete and 0 interrupted iterations
load_reservations   [  56% ] 03/25 VUs  4m11.5s/7m30s  30.00 iters/s

running (4m13.0s), 04/25 VUs, 3972 complete and 0 interrupted iterations
load_reservations   [  56% ] 04/25 VUs  4m12.5s/7m30s  30.00 iters/s

running (4m14.0s), 04/25 VUs, 4002 complete and 0 interrupted iterations
load_reservations   [  56% ] 04/25 VUs  4m13.5s/7m30s  30.00 iters/s

running (4m15.0s), 03/25 VUs, 4032 complete and 0 interrupted iterations
load_reservations   [  57% ] 03/25 VUs  4m14.5s/7m30s  30.00 iters/s

running (4m16.0s), 04/25 VUs, 4062 complete and 0 interrupted iterations
load_reservations   [  57% ] 04/25 VUs  4m15.5s/7m30s  30.00 iters/s

running (4m17.0s), 03/25 VUs, 4092 complete and 0 interrupted iterations
load_reservations   [  57% ] 03/25 VUs  4m16.5s/7m30s  30.00 iters/s

running (4m18.0s), 04/25 VUs, 4122 complete and 0 interrupted iterations
load_reservations   [  57% ] 04/25 VUs  4m17.5s/7m30s  30.00 iters/s

running (4m19.0s), 04/25 VUs, 4152 complete and 0 interrupted iterations
load_reservations   [  57% ] 04/25 VUs  4m18.5s/7m30s  30.00 iters/s

running (4m20.0s), 03/25 VUs, 4182 complete and 0 interrupted iterations
load_reservations   [  58% ] 03/25 VUs  4m19.5s/7m30s  30.00 iters/s

running (4m21.0s), 04/25 VUs, 4212 complete and 0 interrupted iterations
load_reservations   [  58% ] 04/25 VUs  4m20.5s/7m30s  30.00 iters/s

running (4m22.0s), 03/25 VUs, 4242 complete and 0 interrupted iterations
load_reservations   [  58% ] 03/25 VUs  4m21.5s/7m30s  30.00 iters/s

running (4m23.0s), 03/25 VUs, 4272 complete and 0 interrupted iterations
load_reservations   [  58% ] 03/25 VUs  4m22.5s/7m30s  30.00 iters/s

running (4m24.0s), 03/25 VUs, 4302 complete and 0 interrupted iterations
load_reservations   [  59% ] 03/25 VUs  4m23.5s/7m30s  30.00 iters/s

running (4m25.0s), 03/25 VUs, 4332 complete and 0 interrupted iterations
load_reservations   [  59% ] 03/25 VUs  4m24.5s/7m30s  30.00 iters/s

running (4m26.0s), 04/25 VUs, 4362 complete and 0 interrupted iterations
load_reservations   [  59% ] 04/25 VUs  4m25.5s/7m30s  30.00 iters/s

running (4m27.0s), 03/25 VUs, 4392 complete and 0 interrupted iterations
load_reservations   [  59% ] 03/25 VUs  4m26.5s/7m30s  30.00 iters/s

running (4m28.0s), 04/25 VUs, 4422 complete and 0 interrupted iterations
load_reservations   [  59% ] 04/25 VUs  4m27.5s/7m30s  30.00 iters/s

running (4m29.0s), 04/25 VUs, 4452 complete and 0 interrupted iterations
load_reservations   [  60% ] 04/25 VUs  4m28.5s/7m30s  30.00 iters/s

running (4m30.0s), 04/25 VUs, 4482 complete and 0 interrupted iterations
load_reservations   [  60% ] 04/25 VUs  4m29.5s/7m30s  30.00 iters/s

running (4m31.0s), 04/25 VUs, 4512 complete and 0 interrupted iterations
load_reservations   [  60% ] 04/25 VUs  4m30.5s/7m30s  30.00 iters/s

running (4m32.0s), 04/25 VUs, 4542 complete and 0 interrupted iterations
load_reservations   [  60% ] 04/25 VUs  4m31.5s/7m30s  30.00 iters/s

running (4m33.0s), 04/25 VUs, 4572 complete and 0 interrupted iterations
load_reservations   [  61% ] 04/25 VUs  4m32.5s/7m30s  30.00 iters/s

running (4m34.0s), 03/25 VUs, 4602 complete and 0 interrupted iterations
load_reservations   [  61% ] 03/25 VUs  4m33.5s/7m30s  30.00 iters/s

running (4m35.0s), 04/25 VUs, 4632 complete and 0 interrupted iterations
load_reservations   [  61% ] 04/25 VUs  4m34.5s/7m30s  30.00 iters/s

running (4m36.0s), 03/25 VUs, 4662 complete and 0 interrupted iterations
load_reservations   [  61% ] 03/25 VUs  4m35.5s/7m30s  30.00 iters/s

running (4m37.0s), 04/25 VUs, 4692 complete and 0 interrupted iterations
load_reservations   [  61% ] 04/25 VUs  4m36.5s/7m30s  30.00 iters/s

running (4m38.0s), 04/25 VUs, 4722 complete and 0 interrupted iterations
load_reservations   [  62% ] 04/25 VUs  4m37.5s/7m30s  30.00 iters/s

running (4m39.0s), 04/25 VUs, 4752 complete and 0 interrupted iterations
load_reservations   [  62% ] 04/25 VUs  4m38.5s/7m30s  30.00 iters/s

running (4m40.0s), 04/25 VUs, 4782 complete and 0 interrupted iterations
load_reservations   [  62% ] 04/25 VUs  4m39.5s/7m30s  30.00 iters/s

running (4m41.0s), 03/25 VUs, 4812 complete and 0 interrupted iterations
load_reservations   [  62% ] 04/25 VUs  4m40.5s/7m30s  30.00 iters/s

running (4m42.0s), 04/25 VUs, 4842 complete and 0 interrupted iterations
load_reservations   [  63% ] 04/25 VUs  4m41.5s/7m30s  30.00 iters/s

running (4m43.0s), 04/25 VUs, 4872 complete and 0 interrupted iterations
load_reservations   [  63% ] 04/25 VUs  4m42.5s/7m30s  30.00 iters/s

running (4m44.0s), 04/25 VUs, 4902 complete and 0 interrupted iterations
load_reservations   [  63% ] 04/25 VUs  4m43.5s/7m30s  30.00 iters/s

running (4m45.0s), 04/25 VUs, 4932 complete and 0 interrupted iterations
load_reservations   [  63% ] 04/25 VUs  4m44.5s/7m30s  30.00 iters/s

running (4m46.0s), 03/25 VUs, 4962 complete and 0 interrupted iterations
load_reservations   [  63% ] 03/25 VUs  4m45.5s/7m30s  30.00 iters/s

running (4m47.0s), 03/25 VUs, 4992 complete and 0 interrupted iterations
load_reservations   [  64% ] 03/25 VUs  4m46.5s/7m30s  30.00 iters/s

running (4m48.0s), 04/25 VUs, 5022 complete and 0 interrupted iterations
load_reservations   [  64% ] 04/25 VUs  4m47.5s/7m30s  30.00 iters/s

running (4m49.0s), 04/25 VUs, 5052 complete and 0 interrupted iterations
load_reservations   [  64% ] 04/25 VUs  4m48.5s/7m30s  30.00 iters/s

running (4m50.0s), 04/25 VUs, 5082 complete and 0 interrupted iterations
load_reservations   [  64% ] 04/25 VUs  4m49.5s/7m30s  30.00 iters/s

running (4m51.0s), 04/25 VUs, 5112 complete and 0 interrupted iterations
load_reservations   [  65% ] 04/25 VUs  4m50.5s/7m30s  30.00 iters/s

running (4m52.0s), 04/25 VUs, 5142 complete and 0 interrupted iterations
load_reservations   [  65% ] 04/25 VUs  4m51.5s/7m30s  30.00 iters/s

running (4m53.0s), 04/25 VUs, 5172 complete and 0 interrupted iterations
load_reservations   [  65% ] 04/25 VUs  4m52.5s/7m30s  30.00 iters/s

running (4m54.0s), 04/25 VUs, 5202 complete and 0 interrupted iterations
load_reservations   [  65% ] 04/25 VUs  4m53.5s/7m30s  30.00 iters/s

running (4m55.0s), 03/25 VUs, 5232 complete and 0 interrupted iterations
load_reservations   [  65% ] 03/25 VUs  4m54.5s/7m30s  30.00 iters/s

running (4m56.0s), 04/25 VUs, 5262 complete and 0 interrupted iterations
load_reservations   [  66% ] 04/25 VUs  4m55.5s/7m30s  30.00 iters/s

running (4m57.0s), 04/25 VUs, 5292 complete and 0 interrupted iterations
load_reservations   [  66% ] 04/25 VUs  4m56.5s/7m30s  30.00 iters/s

running (4m58.0s), 04/25 VUs, 5322 complete and 0 interrupted iterations
load_reservations   [  66% ] 04/25 VUs  4m57.5s/7m30s  30.00 iters/s

running (4m59.0s), 04/25 VUs, 5352 complete and 0 interrupted iterations
load_reservations   [  66% ] 04/25 VUs  4m58.5s/7m30s  30.00 iters/s

running (5m00.0s), 04/25 VUs, 5382 complete and 0 interrupted iterations
load_reservations   [  67% ] 04/25 VUs  4m59.5s/7m30s  30.00 iters/s

running (5m01.0s), 04/25 VUs, 5412 complete and 0 interrupted iterations
load_reservations   [  67% ] 04/25 VUs  5m00.5s/7m30s  30.00 iters/s

running (5m02.0s), 04/25 VUs, 5442 complete and 0 interrupted iterations
load_reservations   [  67% ] 04/25 VUs  5m01.5s/7m30s  30.00 iters/s

running (5m03.0s), 04/25 VUs, 5472 complete and 0 interrupted iterations
load_reservations   [  67% ] 04/25 VUs  5m02.5s/7m30s  30.00 iters/s

running (5m04.0s), 04/25 VUs, 5502 complete and 0 interrupted iterations
load_reservations   [  67% ] 04/25 VUs  5m03.5s/7m30s  30.00 iters/s

running (5m05.0s), 04/25 VUs, 5532 complete and 0 interrupted iterations
load_reservations   [  68% ] 04/25 VUs  5m04.5s/7m30s  30.00 iters/s

running (5m06.0s), 03/25 VUs, 5562 complete and 0 interrupted iterations
load_reservations   [  68% ] 03/25 VUs  5m05.5s/7m30s  30.00 iters/s

running (5m07.0s), 04/25 VUs, 5592 complete and 0 interrupted iterations
load_reservations   [  68% ] 04/25 VUs  5m06.5s/7m30s  30.00 iters/s

running (5m08.0s), 04/25 VUs, 5622 complete and 0 interrupted iterations
load_reservations   [  68% ] 04/25 VUs  5m07.5s/7m30s  30.00 iters/s

running (5m09.0s), 04/25 VUs, 5652 complete and 0 interrupted iterations
load_reservations   [  69% ] 04/25 VUs  5m08.5s/7m30s  30.00 iters/s

running (5m10.0s), 03/25 VUs, 5682 complete and 0 interrupted iterations
load_reservations   [  69% ] 03/25 VUs  5m09.5s/7m30s  30.00 iters/s

running (5m11.0s), 04/25 VUs, 5712 complete and 0 interrupted iterations
load_reservations   [  69% ] 04/25 VUs  5m10.5s/7m30s  30.00 iters/s

running (5m12.0s), 04/25 VUs, 5742 complete and 0 interrupted iterations
load_reservations   [  69% ] 04/25 VUs  5m11.5s/7m30s  30.00 iters/s

running (5m13.0s), 04/25 VUs, 5772 complete and 0 interrupted iterations
load_reservations   [  69% ] 04/25 VUs  5m12.5s/7m30s  30.00 iters/s

running (5m14.0s), 03/25 VUs, 5802 complete and 0 interrupted iterations
load_reservations   [  70% ] 03/25 VUs  5m13.5s/7m30s  30.00 iters/s

running (5m15.0s), 04/25 VUs, 5832 complete and 0 interrupted iterations
load_reservations   [  70% ] 04/25 VUs  5m14.5s/7m30s  30.00 iters/s

running (5m16.0s), 03/25 VUs, 5862 complete and 0 interrupted iterations
load_reservations   [  70% ] 03/25 VUs  5m15.5s/7m30s  30.00 iters/s

running (5m17.0s), 04/25 VUs, 5892 complete and 0 interrupted iterations
load_reservations   [  70% ] 04/25 VUs  5m16.5s/7m30s  30.00 iters/s

running (5m18.0s), 04/25 VUs, 5922 complete and 0 interrupted iterations
load_reservations   [  71% ] 04/25 VUs  5m17.5s/7m30s  30.00 iters/s

running (5m19.0s), 03/25 VUs, 5952 complete and 0 interrupted iterations
load_reservations   [  71% ] 03/25 VUs  5m18.5s/7m30s  30.00 iters/s

running (5m20.0s), 04/25 VUs, 5982 complete and 0 interrupted iterations
load_reservations   [  71% ] 04/25 VUs  5m19.5s/7m30s  30.00 iters/s

running (5m21.0s), 04/25 VUs, 6012 complete and 0 interrupted iterations
load_reservations   [  71% ] 04/25 VUs  5m20.5s/7m30s  30.00 iters/s

running (5m22.0s), 04/25 VUs, 6042 complete and 0 interrupted iterations
load_reservations   [  71% ] 04/25 VUs  5m21.5s/7m30s  30.00 iters/s

running (5m23.0s), 03/25 VUs, 6072 complete and 0 interrupted iterations
load_reservations   [  72% ] 03/25 VUs  5m22.5s/7m30s  30.00 iters/s

running (5m24.0s), 04/25 VUs, 6102 complete and 0 interrupted iterations
load_reservations   [  72% ] 04/25 VUs  5m23.5s/7m30s  30.00 iters/s

running (5m25.0s), 04/25 VUs, 6132 complete and 0 interrupted iterations
load_reservations   [  72% ] 04/25 VUs  5m24.5s/7m30s  30.00 iters/s

running (5m26.0s), 04/25 VUs, 6162 complete and 0 interrupted iterations
load_reservations   [  72% ] 04/25 VUs  5m25.5s/7m30s  30.00 iters/s

running (5m27.0s), 04/25 VUs, 6192 complete and 0 interrupted iterations
load_reservations   [  73% ] 04/25 VUs  5m26.5s/7m30s  30.00 iters/s

running (5m28.0s), 04/25 VUs, 6222 complete and 0 interrupted iterations
load_reservations   [  73% ] 04/25 VUs  5m27.5s/7m30s  30.00 iters/s

running (5m29.0s), 04/25 VUs, 6252 complete and 0 interrupted iterations
load_reservations   [  73% ] 04/25 VUs  5m28.5s/7m30s  30.00 iters/s

running (5m30.0s), 04/25 VUs, 6282 complete and 0 interrupted iterations
load_reservations   [  73% ] 04/25 VUs  5m29.5s/7m30s  30.00 iters/s

running (5m31.0s), 04/25 VUs, 6312 complete and 0 interrupted iterations
load_reservations   [  73% ] 04/25 VUs  5m30.5s/7m30s  30.00 iters/s

running (5m32.0s), 04/25 VUs, 6342 complete and 0 interrupted iterations
load_reservations   [  74% ] 04/25 VUs  5m31.5s/7m30s  30.00 iters/s

running (5m33.0s), 04/25 VUs, 6372 complete and 0 interrupted iterations
load_reservations   [  74% ] 04/25 VUs  5m32.5s/7m30s  30.00 iters/s

running (5m34.0s), 04/25 VUs, 6402 complete and 0 interrupted iterations
load_reservations   [  74% ] 04/25 VUs  5m33.5s/7m30s  30.00 iters/s

running (5m35.0s), 04/25 VUs, 6432 complete and 0 interrupted iterations
load_reservations   [  74% ] 04/25 VUs  5m34.5s/7m30s  30.00 iters/s

running (5m36.0s), 04/25 VUs, 6462 complete and 0 interrupted iterations
load_reservations   [  75% ] 04/25 VUs  5m35.5s/7m30s  30.00 iters/s

running (5m37.0s), 04/25 VUs, 6492 complete and 0 interrupted iterations
load_reservations   [  75% ] 04/25 VUs  5m36.5s/7m30s  30.00 iters/s

running (5m38.0s), 03/25 VUs, 6522 complete and 0 interrupted iterations
load_reservations   [  75% ] 03/25 VUs  5m37.5s/7m30s  30.00 iters/s

running (5m39.0s), 04/25 VUs, 6552 complete and 0 interrupted iterations
load_reservations   [  75% ] 04/25 VUs  5m38.5s/7m30s  30.00 iters/s

running (5m40.0s), 04/25 VUs, 6582 complete and 0 interrupted iterations
load_reservations   [  75% ] 04/25 VUs  5m39.5s/7m30s  30.00 iters/s

running (5m41.0s), 04/25 VUs, 6612 complete and 0 interrupted iterations
load_reservations   [  76% ] 04/25 VUs  5m40.5s/7m30s  30.00 iters/s

running (5m42.0s), 04/25 VUs, 6642 complete and 0 interrupted iterations
load_reservations   [  76% ] 04/25 VUs  5m41.5s/7m30s  30.00 iters/s

running (5m43.0s), 04/25 VUs, 6672 complete and 0 interrupted iterations
load_reservations   [  76% ] 04/25 VUs  5m42.5s/7m30s  30.00 iters/s

running (5m44.0s), 04/25 VUs, 6702 complete and 0 interrupted iterations
load_reservations   [  76% ] 04/25 VUs  5m43.5s/7m30s  30.00 iters/s

running (5m45.0s), 04/25 VUs, 6732 complete and 0 interrupted iterations
load_reservations   [  77% ] 04/25 VUs  5m44.5s/7m30s  30.00 iters/s

running (5m46.0s), 03/25 VUs, 6762 complete and 0 interrupted iterations
load_reservations   [  77% ] 03/25 VUs  5m45.5s/7m30s  30.00 iters/s

running (5m47.0s), 03/25 VUs, 6792 complete and 0 interrupted iterations
load_reservations   [  77% ] 03/25 VUs  5m46.5s/7m30s  30.00 iters/s

running (5m48.0s), 04/25 VUs, 6822 complete and 0 interrupted iterations
load_reservations   [  77% ] 04/25 VUs  5m47.5s/7m30s  30.00 iters/s

running (5m49.0s), 03/25 VUs, 6852 complete and 0 interrupted iterations
load_reservations   [  77% ] 03/25 VUs  5m48.5s/7m30s  30.00 iters/s

running (5m50.0s), 03/25 VUs, 6882 complete and 0 interrupted iterations
load_reservations   [  78% ] 03/25 VUs  5m49.5s/7m30s  30.00 iters/s

running (5m51.0s), 04/25 VUs, 6912 complete and 0 interrupted iterations
load_reservations   [  78% ] 04/25 VUs  5m50.5s/7m30s  30.00 iters/s

running (5m52.0s), 03/25 VUs, 6942 complete and 0 interrupted iterations
load_reservations   [  78% ] 03/25 VUs  5m51.5s/7m30s  30.00 iters/s

running (5m53.0s), 04/25 VUs, 6972 complete and 0 interrupted iterations
load_reservations   [  78% ] 04/25 VUs  5m52.5s/7m30s  30.00 iters/s

running (5m54.0s), 04/25 VUs, 7002 complete and 0 interrupted iterations
load_reservations   [  79% ] 04/25 VUs  5m53.5s/7m30s  30.00 iters/s

running (5m55.0s), 04/25 VUs, 7032 complete and 0 interrupted iterations
load_reservations   [  79% ] 04/25 VUs  5m54.5s/7m30s  30.00 iters/s

running (5m56.0s), 04/25 VUs, 7062 complete and 0 interrupted iterations
load_reservations   [  79% ] 04/25 VUs  5m55.5s/7m30s  30.00 iters/s

running (5m57.0s), 04/25 VUs, 7092 complete and 0 interrupted iterations
load_reservations   [  79% ] 04/25 VUs  5m56.5s/7m30s  30.00 iters/s

running (5m58.0s), 04/25 VUs, 7122 complete and 0 interrupted iterations
load_reservations   [  79% ] 04/25 VUs  5m57.5s/7m30s  30.00 iters/s

running (5m59.0s), 03/25 VUs, 7152 complete and 0 interrupted iterations
load_reservations   [  80% ] 03/25 VUs  5m58.5s/7m30s  30.00 iters/s

running (6m00.0s), 04/25 VUs, 7182 complete and 0 interrupted iterations
load_reservations   [  80% ] 04/25 VUs  5m59.5s/7m30s  30.00 iters/s

running (6m01.0s), 04/25 VUs, 7212 complete and 0 interrupted iterations
load_reservations   [  80% ] 04/25 VUs  6m00.5s/7m30s  30.00 iters/s

running (6m02.0s), 04/25 VUs, 7242 complete and 0 interrupted iterations
load_reservations   [  80% ] 04/25 VUs  6m01.5s/7m30s  30.00 iters/s

running (6m03.0s), 04/25 VUs, 7272 complete and 0 interrupted iterations
load_reservations   [  81% ] 04/25 VUs  6m02.5s/7m30s  30.00 iters/s

running (6m04.0s), 04/25 VUs, 7302 complete and 0 interrupted iterations
load_reservations   [  81% ] 04/25 VUs  6m03.5s/7m30s  30.00 iters/s

running (6m05.0s), 04/25 VUs, 7332 complete and 0 interrupted iterations
load_reservations   [  81% ] 04/25 VUs  6m04.5s/7m30s  30.00 iters/s

running (6m06.0s), 03/25 VUs, 7362 complete and 0 interrupted iterations
load_reservations   [  81% ] 04/25 VUs  6m05.5s/7m30s  30.00 iters/s

running (6m07.0s), 04/25 VUs, 7392 complete and 0 interrupted iterations
load_reservations   [  81% ] 04/25 VUs  6m06.5s/7m30s  30.00 iters/s

running (6m08.0s), 04/25 VUs, 7422 complete and 0 interrupted iterations
load_reservations   [  82% ] 04/25 VUs  6m07.5s/7m30s  30.00 iters/s

running (6m09.0s), 03/25 VUs, 7452 complete and 0 interrupted iterations
load_reservations   [  82% ] 03/25 VUs  6m08.5s/7m30s  30.00 iters/s

running (6m10.0s), 04/25 VUs, 7482 complete and 0 interrupted iterations
load_reservations   [  82% ] 04/25 VUs  6m09.5s/7m30s  30.00 iters/s

running (6m11.0s), 03/25 VUs, 7512 complete and 0 interrupted iterations
load_reservations   [  82% ] 03/25 VUs  6m10.5s/7m30s  30.00 iters/s

running (6m12.0s), 04/25 VUs, 7542 complete and 0 interrupted iterations
load_reservations   [  83% ] 04/25 VUs  6m11.5s/7m30s  30.00 iters/s

running (6m13.0s), 04/25 VUs, 7572 complete and 0 interrupted iterations
load_reservations   [  83% ] 04/25 VUs  6m12.5s/7m30s  30.00 iters/s

running (6m14.0s), 04/25 VUs, 7602 complete and 0 interrupted iterations
load_reservations   [  83% ] 04/25 VUs  6m13.5s/7m30s  30.00 iters/s

running (6m15.0s), 04/25 VUs, 7632 complete and 0 interrupted iterations
load_reservations   [  83% ] 04/25 VUs  6m14.5s/7m30s  30.00 iters/s

running (6m16.0s), 03/25 VUs, 7662 complete and 0 interrupted iterations
load_reservations   [  83% ] 03/25 VUs  6m15.5s/7m30s  30.00 iters/s

running (6m17.0s), 04/25 VUs, 7692 complete and 0 interrupted iterations
load_reservations   [  84% ] 04/25 VUs  6m16.5s/7m30s  30.00 iters/s

running (6m18.0s), 04/25 VUs, 7722 complete and 0 interrupted iterations
load_reservations   [  84% ] 04/25 VUs  6m17.5s/7m30s  30.00 iters/s

running (6m19.0s), 04/25 VUs, 7752 complete and 0 interrupted iterations
load_reservations   [  84% ] 04/25 VUs  6m18.5s/7m30s  30.00 iters/s

running (6m20.0s), 03/25 VUs, 7782 complete and 0 interrupted iterations
load_reservations   [  84% ] 03/25 VUs  6m19.5s/7m30s  30.00 iters/s

running (6m21.0s), 04/25 VUs, 7812 complete and 0 interrupted iterations
load_reservations   [  85% ] 04/25 VUs  6m20.5s/7m30s  30.00 iters/s

running (6m22.0s), 04/25 VUs, 7842 complete and 0 interrupted iterations
load_reservations   [  85% ] 04/25 VUs  6m21.5s/7m30s  30.00 iters/s

running (6m23.0s), 04/25 VUs, 7872 complete and 0 interrupted iterations
load_reservations   [  85% ] 04/25 VUs  6m22.5s/7m30s  30.00 iters/s

running (6m24.0s), 04/25 VUs, 7902 complete and 0 interrupted iterations
load_reservations   [  85% ] 04/25 VUs  6m23.5s/7m30s  30.00 iters/s

running (6m25.0s), 04/25 VUs, 7932 complete and 0 interrupted iterations
load_reservations   [  85% ] 04/25 VUs  6m24.5s/7m30s  30.00 iters/s

running (6m26.0s), 03/25 VUs, 7962 complete and 0 interrupted iterations
load_reservations   [  86% ] 03/25 VUs  6m25.5s/7m30s  30.00 iters/s

running (6m27.0s), 04/25 VUs, 7992 complete and 0 interrupted iterations
load_reservations   [  86% ] 04/25 VUs  6m26.5s/7m30s  30.00 iters/s

running (6m28.0s), 04/25 VUs, 8022 complete and 0 interrupted iterations
load_reservations   [  86% ] 04/25 VUs  6m27.5s/7m30s  30.00 iters/s

running (6m29.0s), 03/25 VUs, 8052 complete and 0 interrupted iterations
load_reservations   [  86% ] 03/25 VUs  6m28.5s/7m30s  30.00 iters/s

running (6m30.0s), 04/25 VUs, 8082 complete and 0 interrupted iterations
load_reservations   [  87% ] 04/25 VUs  6m29.5s/7m30s  30.00 iters/s

running (6m31.0s), 03/25 VUs, 8112 complete and 0 interrupted iterations
load_reservations   [  87% ] 03/25 VUs  6m30.5s/7m30s  30.00 iters/s

running (6m32.0s), 04/25 VUs, 8142 complete and 0 interrupted iterations
load_reservations   [  87% ] 04/25 VUs  6m31.5s/7m30s  30.00 iters/s

running (6m33.0s), 04/25 VUs, 8172 complete and 0 interrupted iterations
load_reservations   [  87% ] 04/25 VUs  6m32.5s/7m30s  30.00 iters/s

running (6m34.0s), 04/25 VUs, 8202 complete and 0 interrupted iterations
load_reservations   [  87% ] 04/25 VUs  6m33.5s/7m30s  30.00 iters/s

running (6m35.0s), 04/25 VUs, 8232 complete and 0 interrupted iterations
load_reservations   [  88% ] 04/25 VUs  6m34.5s/7m30s  30.00 iters/s

running (6m36.0s), 03/25 VUs, 8262 complete and 0 interrupted iterations
load_reservations   [  88% ] 04/25 VUs  6m35.5s/7m30s  30.00 iters/s

running (6m37.0s), 04/25 VUs, 8292 complete and 0 interrupted iterations
load_reservations   [  88% ] 04/25 VUs  6m36.5s/7m30s  30.00 iters/s

running (6m38.0s), 03/25 VUs, 8322 complete and 0 interrupted iterations
load_reservations   [  88% ] 03/25 VUs  6m37.5s/7m30s  30.00 iters/s

running (6m39.0s), 04/25 VUs, 8352 complete and 0 interrupted iterations
load_reservations   [  89% ] 04/25 VUs  6m38.5s/7m30s  30.00 iters/s

running (6m40.0s), 04/25 VUs, 8382 complete and 0 interrupted iterations
load_reservations   [  89% ] 04/25 VUs  6m39.5s/7m30s  30.00 iters/s

running (6m41.0s), 04/25 VUs, 8412 complete and 0 interrupted iterations
load_reservations   [  89% ] 04/25 VUs  6m40.5s/7m30s  30.00 iters/s

running (6m42.0s), 04/25 VUs, 8442 complete and 0 interrupted iterations
load_reservations   [  89% ] 04/25 VUs  6m41.5s/7m30s  30.00 iters/s

running (6m43.0s), 04/25 VUs, 8472 complete and 0 interrupted iterations
load_reservations   [  89% ] 04/25 VUs  6m42.5s/7m30s  30.00 iters/s

running (6m44.0s), 04/25 VUs, 8502 complete and 0 interrupted iterations
load_reservations   [  90% ] 04/25 VUs  6m43.5s/7m30s  30.00 iters/s

running (6m45.0s), 04/25 VUs, 8532 complete and 0 interrupted iterations
load_reservations   [  90% ] 04/25 VUs  6m44.5s/7m30s  30.00 iters/s

running (6m46.0s), 04/25 VUs, 8562 complete and 0 interrupted iterations
load_reservations   [  90% ] 04/25 VUs  6m45.5s/7m30s  30.00 iters/s

running (6m47.0s), 04/25 VUs, 8592 complete and 0 interrupted iterations
load_reservations   [  90% ] 04/25 VUs  6m46.5s/7m30s  30.00 iters/s

running (6m48.0s), 04/25 VUs, 8622 complete and 0 interrupted iterations
load_reservations   [  91% ] 04/25 VUs  6m47.5s/7m30s  30.00 iters/s

running (6m49.0s), 04/25 VUs, 8652 complete and 0 interrupted iterations
load_reservations   [  91% ] 04/25 VUs  6m48.5s/7m30s  30.00 iters/s

running (6m50.0s), 03/25 VUs, 8682 complete and 0 interrupted iterations
load_reservations   [  91% ] 03/25 VUs  6m49.5s/7m30s  30.00 iters/s

running (6m51.0s), 04/25 VUs, 8712 complete and 0 interrupted iterations
load_reservations   [  91% ] 04/25 VUs  6m50.5s/7m30s  30.00 iters/s

running (6m52.0s), 04/25 VUs, 8742 complete and 0 interrupted iterations
load_reservations   [  91% ] 04/25 VUs  6m51.5s/7m30s  30.00 iters/s

running (6m53.0s), 03/25 VUs, 8772 complete and 0 interrupted iterations
load_reservations   [  92% ] 03/25 VUs  6m52.5s/7m30s  30.00 iters/s

running (6m54.0s), 03/25 VUs, 8802 complete and 0 interrupted iterations
load_reservations   [  92% ] 03/25 VUs  6m53.5s/7m30s  30.00 iters/s

running (6m55.0s), 04/25 VUs, 8832 complete and 0 interrupted iterations
load_reservations   [  92% ] 04/25 VUs  6m54.5s/7m30s  30.00 iters/s

running (6m56.0s), 04/25 VUs, 8862 complete and 0 interrupted iterations
load_reservations   [  92% ] 04/25 VUs  6m55.5s/7m30s  30.00 iters/s

running (6m57.0s), 04/25 VUs, 8892 complete and 0 interrupted iterations
load_reservations   [  93% ] 04/25 VUs  6m56.5s/7m30s  30.00 iters/s

running (6m58.0s), 04/25 VUs, 8922 complete and 0 interrupted iterations
load_reservations   [  93% ] 04/25 VUs  6m57.5s/7m30s  30.00 iters/s

running (6m59.0s), 04/25 VUs, 8952 complete and 0 interrupted iterations
load_reservations   [  93% ] 04/25 VUs  6m58.5s/7m30s  30.00 iters/s

running (7m00.0s), 04/25 VUs, 8982 complete and 0 interrupted iterations
load_reservations   [  93% ] 04/25 VUs  6m59.5s/7m30s  30.00 iters/s

running (7m01.0s), 03/25 VUs, 9012 complete and 0 interrupted iterations
load_reservations   [  93% ] 03/25 VUs  7m00.5s/7m30s  29.48 iters/s

running (7m02.0s), 03/25 VUs, 9041 complete and 0 interrupted iterations
load_reservations   [  94% ] 03/25 VUs  7m01.5s/7m30s  28.48 iters/s

running (7m03.0s), 03/25 VUs, 9069 complete and 0 interrupted iterations
load_reservations   [  94% ] 03/25 VUs  7m02.5s/7m30s  27.48 iters/s

running (7m04.0s), 03/25 VUs, 9096 complete and 0 interrupted iterations
load_reservations   [  94% ] 03/25 VUs  7m03.5s/7m30s  26.48 iters/s

running (7m05.0s), 03/25 VUs, 9122 complete and 0 interrupted iterations
load_reservations   [  94% ] 03/25 VUs  7m04.5s/7m30s  25.48 iters/s

running (7m06.0s), 03/25 VUs, 9147 complete and 0 interrupted iterations
load_reservations   [  95% ] 03/25 VUs  7m05.5s/7m30s  24.47 iters/s

running (7m07.0s), 03/25 VUs, 9171 complete and 0 interrupted iterations
load_reservations   [  95% ] 03/25 VUs  7m06.5s/7m30s  23.47 iters/s

running (7m08.0s), 03/25 VUs, 9194 complete and 0 interrupted iterations
load_reservations   [  95% ] 03/25 VUs  7m07.5s/7m30s  22.47 iters/s

running (7m09.0s), 03/25 VUs, 9216 complete and 0 interrupted iterations
load_reservations   [  95% ] 03/25 VUs  7m08.5s/7m30s  21.47 iters/s

running (7m10.0s), 03/25 VUs, 9237 complete and 0 interrupted iterations
load_reservations   [  95% ] 03/25 VUs  7m09.5s/7m30s  20.47 iters/s

running (7m11.0s), 02/25 VUs, 9258 complete and 0 interrupted iterations
load_reservations   [  96% ] 02/25 VUs  7m10.5s/7m30s  19.47 iters/s

running (7m12.0s), 02/25 VUs, 9277 complete and 0 interrupted iterations
load_reservations   [  96% ] 02/25 VUs  7m11.5s/7m30s  18.47 iters/s

running (7m13.0s), 02/25 VUs, 9295 complete and 0 interrupted iterations
load_reservations   [  96% ] 02/25 VUs  7m12.5s/7m30s  17.46 iters/s

running (7m14.0s), 02/25 VUs, 9312 complete and 0 interrupted iterations
load_reservations   [  96% ] 02/25 VUs  7m13.5s/7m30s  16.46 iters/s

running (7m15.0s), 02/25 VUs, 9328 complete and 0 interrupted iterations
load_reservations   [  97% ] 02/25 VUs  7m14.5s/7m30s  15.46 iters/s

running (7m16.0s), 02/25 VUs, 9343 complete and 0 interrupted iterations
load_reservations   [  97% ] 02/25 VUs  7m15.5s/7m30s  14.46 iters/s

running (7m17.0s), 02/25 VUs, 9357 complete and 0 interrupted iterations
load_reservations   [  97% ] 02/25 VUs  7m16.5s/7m30s  13.45 iters/s

running (7m18.0s), 02/25 VUs, 9370 complete and 0 interrupted iterations
load_reservations   [  97% ] 02/25 VUs  7m17.5s/7m30s  12.45 iters/s

running (7m19.0s), 02/25 VUs, 9382 complete and 0 interrupted iterations
load_reservations   [  97% ] 02/25 VUs  7m18.5s/7m30s  11.45 iters/s

running (7m20.0s), 02/25 VUs, 9393 complete and 0 interrupted iterations
load_reservations   [  98% ] 02/25 VUs  7m19.5s/7m30s  10.44 iters/s

running (7m21.0s), 02/25 VUs, 9403 complete and 0 interrupted iterations
load_reservations   [  98% ] 02/25 VUs  7m20.5s/7m30s  09.43 iters/s

running (7m22.0s), 01/25 VUs, 9413 complete and 0 interrupted iterations
load_reservations   [  98% ] 01/25 VUs  7m21.5s/7m30s  08.43 iters/s

running (7m23.0s), 01/25 VUs, 9421 complete and 0 interrupted iterations
load_reservations   [  98% ] 01/25 VUs  7m22.5s/7m30s  07.42 iters/s

running (7m24.0s), 01/25 VUs, 9428 complete and 0 interrupted iterations
load_reservations   [  99% ] 01/25 VUs  7m23.5s/7m30s  06.40 iters/s

running (7m25.0s), 01/25 VUs, 9434 complete and 0 interrupted iterations
load_reservations   [  99% ] 01/25 VUs  7m24.5s/7m30s  05.38 iters/s

running (7m26.0s), 01/25 VUs, 9439 complete and 0 interrupted iterations
load_reservations   [  99% ] 01/25 VUs  7m25.5s/7m30s  04.36 iters/s

running (7m27.0s), 00/25 VUs, 9443 complete and 0 interrupted iterations
load_reservations   [  99% ] 00/25 VUs  7m26.5s/7m30s  03.60 iters/s

running (7m28.0s), 00/25 VUs, 9446 complete and 0 interrupted iterations
load_reservations   [  99% ] 00/25 VUs  7m27.5s/7m30s  02.64 iters/s

running (7m29.0s), 00/25 VUs, 9448 complete and 0 interrupted iterations
load_reservations   [ 100% ] 00/25 VUs  7m28.5s/7m30s  01.71 iters/s
time="2026-04-07T23:37:54-05:00" level=info msg="=== LOAD TEST (Reservation Creation) TEARDOWN ===" source=console
time="2026-04-07T23:37:54-05:00" level=info msg="Check reservation_inventory_conflict counter for total 409 count." source=console
time="2026-04-07T23:37:54-05:00" level=info msg="Check reservation_success_duration for the real write-path SLA evidence." source=console
time="2026-04-07T23:37:54-05:00" level=info msg="Reset inventory before next run." source=console


  █ THRESHOLDS 

    http_req_failed{scenario:load_reservations}
    ✓ 'rate < 0.01' rate=0.00%

    reservation_success_duration
    ✓ 'p(95) < 600' p(95)=25.87ms
    ✓ 'p(99) < 1000' p(99)=27.82ms


  █ TOTAL RESULTS 

    checks_total.......: 28348   63.109447/s
    checks_succeeded...: 100.00% 28348 out of 28348
    checks_failed......: 0.00%   0 out of 28348

    ✓ Health check — Status is 200
    ✓ POST /api/v1/reservations — Status is 201
    ✓ POST /api/v1/reservations — Response contains reservation id
    ✓ POST /api/v1/reservations — Response time is acceptable

    CUSTOM
    reservation_success_duration.......: avg=21.52ms  min=12.18ms med=22.67ms  max=104.5ms  p(90)=25.12ms  p(95)=25.87ms 

    HTTP
    http_req_duration..................: avg=21.56ms  min=11.09ms med=22.67ms  max=216.43ms p(90)=25.12ms  p(95)=25.87ms 
      { expected_response:true }.......: avg=21.56ms  min=11.09ms med=22.67ms  max=216.43ms p(90)=25.12ms  p(95)=25.87ms 
    http_req_failed....................: 0.00%  0 out of 9453
      { scenario:load_reservations }...: 0.00%  0 out of 9449
    http_reqs..........................: 9453   21.044645/s

    EXECUTION
    iteration_duration.................: avg=122.67ms min=112.5ms med=123.82ms max=205.73ms p(90)=126.47ms p(95)=127.29ms
    iterations.........................: 9449   21.03574/s
    vus................................: 0      min=0         max=4 
    vus_max............................: 25     min=25        max=25

    NETWORK
    data_received......................: 12 MB  27 kB/s
    data_sent..........................: 3.6 MB 8.1 kB/s




running (7m29.2s), 00/25 VUs, 9449 complete and 0 interrupted iterations
load_reservations ✓ [ 100% ] 00/25 VUs  7m28.7s/7m30s  01.71 iters/s
