
         /\      Grafana   /‾‾/  
    /\  /  \     |\  __   /  /   
   /  \/    \    | |/ /  /   ‾‾\ 
  /          \   |   (  |  (‾)  |
 / __________ \  |_|\_\  \_____/ 


     execution: local
        script: k6/scenarios/load-events.js
        output: -

     scenarios: (100.00%) 1 scenario, 60 max VUs, 8m0s max duration (incl. graceful stop):
              * load_events: Up to 80.00 iterations/s for 7m30s over 5 stages (maxVUs: 20-60, gracefulStop: 30s)

time="2026-04-07T23:01:45-05:00" level=info msg="=== LOAD TEST (Event Availability) SETUP ===" source=console
time="2026-04-07T23:01:45-05:00" level=info msg="Target: 80 TPS, p95 < 400ms, error rate < 1%" source=console
time="2026-04-07T23:01:45-05:00" level=info msg="✓ Backend health check passed" source=console

running (0m01.0s), 00/20 VUs, 0 complete and 0 interrupted iterations
load_events   [   0% ] 00/20 VUs  0m01.0s/7m30s  00.58 iters/s

running (0m02.0s), 00/20 VUs, 1 complete and 0 interrupted iterations
load_events   [   0% ] 00/20 VUs  0m02.0s/7m30s  01.39 iters/s

running (0m03.0s), 00/20 VUs, 2 complete and 0 interrupted iterations
load_events   [   1% ] 00/20 VUs  0m03.0s/7m30s  01.82 iters/s

running (0m04.0s), 01/20 VUs, 4 complete and 0 interrupted iterations
load_events   [   1% ] 01/20 VUs  0m04.0s/7m30s  02.71 iters/s

running (0m05.0s), 01/20 VUs, 7 complete and 0 interrupted iterations
load_events   [   1% ] 01/20 VUs  0m05.0s/7m30s  03.37 iters/s

running (0m06.0s), 00/20 VUs, 11 complete and 0 interrupted iterations
load_events   [   1% ] 00/20 VUs  0m06.0s/7m30s  03.91 iters/s

running (0m07.0s), 01/20 VUs, 15 complete and 0 interrupted iterations
load_events   [   2% ] 01/20 VUs  0m07.0s/7m30s  04.69 iters/s

running (0m08.0s), 01/20 VUs, 20 complete and 0 interrupted iterations
load_events   [   2% ] 01/20 VUs  0m08.0s/7m30s  05.35 iters/s

running (0m09.0s), 00/20 VUs, 26 complete and 0 interrupted iterations
load_events   [   2% ] 00/20 VUs  0m09.0s/7m30s  05.94 iters/s

running (0m10.0s), 01/20 VUs, 32 complete and 0 interrupted iterations
load_events   [   2% ] 01/20 VUs  0m10.0s/7m30s  06.68 iters/s

running (0m11.0s), 01/20 VUs, 39 complete and 0 interrupted iterations
load_events   [   2% ] 01/20 VUs  0m11.0s/7m30s  07.35 iters/s

running (0m12.0s), 01/20 VUs, 46 complete and 0 interrupted iterations
load_events   [   3% ] 01/20 VUs  0m12.0s/7m30s  07.96 iters/s

running (0m13.0s), 02/20 VUs, 54 complete and 0 interrupted iterations
load_events   [   3% ] 02/20 VUs  0m13.0s/7m30s  08.68 iters/s

running (0m14.0s), 01/20 VUs, 64 complete and 0 interrupted iterations
load_events   [   3% ] 01/20 VUs  0m14.0s/7m30s  09.35 iters/s

running (0m15.0s), 01/20 VUs, 73 complete and 0 interrupted iterations
load_events   [   3% ] 01/20 VUs  0m15.0s/7m30s  09.97 iters/s

running (0m16.0s), 02/20 VUs, 83 complete and 0 interrupted iterations
load_events   [   4% ] 02/20 VUs  0m16.0s/7m30s  10.68 iters/s

running (0m17.0s), 02/20 VUs, 94 complete and 0 interrupted iterations
load_events   [   4% ] 02/20 VUs  0m17.0s/7m30s  11.34 iters/s

running (0m18.0s), 01/20 VUs, 106 complete and 0 interrupted iterations
load_events   [   4% ] 01/20 VUs  0m18.0s/7m30s  11.97 iters/s

running (0m19.0s), 01/20 VUs, 118 complete and 0 interrupted iterations
load_events   [   4% ] 01/20 VUs  0m19.0s/7m30s  12.62 iters/s

running (0m20.0s), 01/20 VUs, 131 complete and 0 interrupted iterations
load_events   [   4% ] 01/20 VUs  0m20.0s/7m30s  13.29 iters/s

running (0m21.0s), 02/20 VUs, 144 complete and 0 interrupted iterations
load_events   [   5% ] 02/20 VUs  0m21.0s/7m30s  13.98 iters/s

running (0m22.0s), 01/20 VUs, 159 complete and 0 interrupted iterations
load_events   [   5% ] 01/20 VUs  0m22.0s/7m30s  14.63 iters/s

running (0m23.0s), 01/20 VUs, 174 complete and 0 interrupted iterations
load_events   [   5% ] 01/20 VUs  0m23.0s/7m30s  15.30 iters/s

running (0m24.0s), 02/20 VUs, 189 complete and 0 interrupted iterations
load_events   [   5% ] 02/20 VUs  0m24.0s/7m30s  15.98 iters/s

running (0m25.0s), 02/20 VUs, 205 complete and 0 interrupted iterations
load_events   [   6% ] 02/20 VUs  0m25.0s/7m30s  16.63 iters/s

running (0m26.0s), 02/20 VUs, 222 complete and 0 interrupted iterations
load_events   [   6% ] 02/20 VUs  0m26.0s/7m30s  17.30 iters/s

running (0m27.0s), 02/20 VUs, 240 complete and 0 interrupted iterations
load_events   [   6% ] 02/20 VUs  0m27.0s/7m30s  17.98 iters/s

running (0m28.0s), 02/20 VUs, 258 complete and 0 interrupted iterations
load_events   [   6% ] 02/20 VUs  0m28.0s/7m30s  18.64 iters/s

running (0m29.0s), 02/20 VUs, 277 complete and 0 interrupted iterations
load_events   [   6% ] 02/20 VUs  0m29.0s/7m30s  19.30 iters/s

running (0m30.0s), 02/20 VUs, 297 complete and 0 interrupted iterations
load_events   [   7% ] 02/20 VUs  0m30.0s/7m30s  19.98 iters/s

running (0m31.0s), 02/20 VUs, 317 complete and 0 interrupted iterations
load_events   [   7% ] 02/20 VUs  0m31.0s/7m30s  20.64 iters/s

running (0m32.0s), 02/20 VUs, 338 complete and 0 interrupted iterations
load_events   [   7% ] 02/20 VUs  0m32.0s/7m30s  21.31 iters/s

running (0m33.0s), 03/20 VUs, 359 complete and 0 interrupted iterations
load_events   [   7% ] 03/20 VUs  0m33.0s/7m30s  21.98 iters/s

running (0m34.0s), 02/20 VUs, 382 complete and 0 interrupted iterations
load_events   [   8% ] 02/20 VUs  0m34.0s/7m30s  22.64 iters/s

running (0m35.0s), 03/20 VUs, 404 complete and 0 interrupted iterations
load_events   [   8% ] 03/20 VUs  0m35.0s/7m30s  23.31 iters/s

running (0m36.0s), 03/20 VUs, 428 complete and 0 interrupted iterations
load_events   [   8% ] 03/20 VUs  0m36.0s/7m30s  23.99 iters/s

running (0m37.0s), 03/20 VUs, 452 complete and 0 interrupted iterations
load_events   [   8% ] 03/20 VUs  0m37.0s/7m30s  24.64 iters/s

running (0m38.0s), 03/20 VUs, 477 complete and 0 interrupted iterations
load_events   [   8% ] 03/20 VUs  0m38.0s/7m30s  25.31 iters/s

running (0m39.0s), 03/20 VUs, 503 complete and 0 interrupted iterations
load_events   [   9% ] 03/20 VUs  0m39.0s/7m30s  25.99 iters/s

running (0m40.0s), 03/20 VUs, 529 complete and 0 interrupted iterations
load_events   [   9% ] 03/20 VUs  0m40.0s/7m30s  26.65 iters/s

running (0m41.0s), 03/20 VUs, 556 complete and 0 interrupted iterations
load_events   [   9% ] 03/20 VUs  0m41.0s/7m30s  27.31 iters/s

running (0m42.0s), 03/20 VUs, 584 complete and 0 interrupted iterations
load_events   [   9% ] 03/20 VUs  0m42.0s/7m30s  27.99 iters/s

running (0m43.0s), 03/20 VUs, 612 complete and 0 interrupted iterations
load_events   [  10% ] 03/20 VUs  0m43.0s/7m30s  28.65 iters/s

running (0m44.0s), 04/20 VUs, 640 complete and 0 interrupted iterations
load_events   [  10% ] 04/20 VUs  0m44.0s/7m30s  29.31 iters/s

running (0m45.0s), 04/20 VUs, 670 complete and 0 interrupted iterations
load_events   [  10% ] 04/20 VUs  0m45.0s/7m30s  29.99 iters/s

running (0m46.0s), 04/20 VUs, 700 complete and 0 interrupted iterations
load_events   [  10% ] 04/20 VUs  0m46.0s/7m30s  30.65 iters/s

running (0m47.0s), 04/20 VUs, 731 complete and 0 interrupted iterations
load_events   [  10% ] 04/20 VUs  0m47.0s/7m30s  31.32 iters/s

running (0m48.0s), 04/20 VUs, 763 complete and 0 interrupted iterations
load_events   [  11% ] 04/20 VUs  0m48.0s/7m30s  31.99 iters/s

running (0m49.0s), 04/20 VUs, 795 complete and 0 interrupted iterations
load_events   [  11% ] 04/20 VUs  0m49.0s/7m30s  32.65 iters/s

running (0m50.0s), 04/20 VUs, 828 complete and 0 interrupted iterations
load_events   [  11% ] 04/20 VUs  0m50.0s/7m30s  33.32 iters/s

running (0m51.0s), 04/20 VUs, 862 complete and 0 interrupted iterations
load_events   [  11% ] 04/20 VUs  0m51.0s/7m30s  33.99 iters/s

running (0m52.0s), 04/20 VUs, 896 complete and 0 interrupted iterations
load_events   [  12% ] 04/20 VUs  0m52.0s/7m30s  34.65 iters/s

running (0m53.0s), 04/20 VUs, 931 complete and 0 interrupted iterations
load_events   [  12% ] 04/20 VUs  0m53.0s/7m30s  35.32 iters/s

running (0m54.0s), 04/20 VUs, 966 complete and 0 interrupted iterations
load_events   [  12% ] 04/20 VUs  0m54.0s/7m30s  35.97 iters/s

running (0m55.0s), 04/20 VUs, 1003 complete and 0 interrupted iterations
load_events   [  12% ] 04/20 VUs  0m55.0s/7m30s  36.65 iters/s

running (0m56.0s), 05/20 VUs, 1039 complete and 0 interrupted iterations
load_events   [  12% ] 05/20 VUs  0m56.0s/7m30s  37.32 iters/s

running (0m57.0s), 04/20 VUs, 1077 complete and 0 interrupted iterations
load_events   [  13% ] 04/20 VUs  0m57.0s/7m30s  37.97 iters/s

running (0m58.0s), 05/20 VUs, 1115 complete and 0 interrupted iterations
load_events   [  13% ] 05/20 VUs  0m58.0s/7m30s  38.65 iters/s

running (0m59.0s), 05/20 VUs, 1154 complete and 0 interrupted iterations
load_events   [  13% ] 05/20 VUs  0m59.0s/7m30s  39.32 iters/s

running (1m00.0s), 04/20 VUs, 1194 complete and 0 interrupted iterations
load_events   [  13% ] 04/20 VUs  1m00.0s/7m30s  39.97 iters/s

running (1m01.0s), 04/20 VUs, 1234 complete and 0 interrupted iterations
load_events   [  14% ] 04/20 VUs  1m01.0s/7m30s  40.00 iters/s

running (1m02.0s), 04/20 VUs, 1274 complete and 0 interrupted iterations
load_events   [  14% ] 04/20 VUs  1m02.0s/7m30s  40.00 iters/s

running (1m03.0s), 04/20 VUs, 1314 complete and 0 interrupted iterations
load_events   [  14% ] 04/20 VUs  1m03.0s/7m30s  40.00 iters/s

running (1m04.0s), 04/20 VUs, 1354 complete and 0 interrupted iterations
load_events   [  14% ] 04/20 VUs  1m04.0s/7m30s  40.00 iters/s

running (1m05.0s), 04/20 VUs, 1394 complete and 0 interrupted iterations
load_events   [  14% ] 04/20 VUs  1m05.0s/7m30s  40.00 iters/s

running (1m06.0s), 04/20 VUs, 1434 complete and 0 interrupted iterations
load_events   [  15% ] 04/20 VUs  1m06.0s/7m30s  40.00 iters/s

running (1m07.0s), 04/20 VUs, 1474 complete and 0 interrupted iterations
load_events   [  15% ] 04/20 VUs  1m07.0s/7m30s  40.00 iters/s

running (1m08.0s), 04/20 VUs, 1514 complete and 0 interrupted iterations
load_events   [  15% ] 04/20 VUs  1m08.0s/7m30s  40.00 iters/s

running (1m09.0s), 04/20 VUs, 1554 complete and 0 interrupted iterations
load_events   [  15% ] 04/20 VUs  1m09.0s/7m30s  40.00 iters/s

running (1m10.0s), 04/20 VUs, 1594 complete and 0 interrupted iterations
load_events   [  16% ] 04/20 VUs  1m10.0s/7m30s  40.00 iters/s

running (1m11.0s), 04/20 VUs, 1634 complete and 0 interrupted iterations
load_events   [  16% ] 04/20 VUs  1m11.0s/7m30s  40.00 iters/s

running (1m12.0s), 04/20 VUs, 1674 complete and 0 interrupted iterations
load_events   [  16% ] 04/20 VUs  1m12.0s/7m30s  40.00 iters/s

running (1m13.0s), 04/20 VUs, 1714 complete and 0 interrupted iterations
load_events   [  16% ] 04/20 VUs  1m13.0s/7m30s  40.00 iters/s

running (1m14.0s), 04/20 VUs, 1754 complete and 0 interrupted iterations
load_events   [  16% ] 04/20 VUs  1m14.0s/7m30s  40.00 iters/s

running (1m15.0s), 04/20 VUs, 1794 complete and 0 interrupted iterations
load_events   [  17% ] 04/20 VUs  1m15.0s/7m30s  40.00 iters/s

running (1m16.0s), 04/20 VUs, 1834 complete and 0 interrupted iterations
load_events   [  17% ] 04/20 VUs  1m16.0s/7m30s  40.00 iters/s

running (1m17.0s), 04/20 VUs, 1874 complete and 0 interrupted iterations
load_events   [  17% ] 04/20 VUs  1m17.0s/7m30s  40.00 iters/s

running (1m18.0s), 04/20 VUs, 1914 complete and 0 interrupted iterations
load_events   [  17% ] 04/20 VUs  1m18.0s/7m30s  40.00 iters/s

running (1m19.0s), 04/20 VUs, 1954 complete and 0 interrupted iterations
load_events   [  18% ] 04/20 VUs  1m19.0s/7m30s  40.00 iters/s

running (1m20.0s), 04/20 VUs, 1994 complete and 0 interrupted iterations
load_events   [  18% ] 04/20 VUs  1m20.0s/7m30s  40.00 iters/s

running (1m21.0s), 04/20 VUs, 2034 complete and 0 interrupted iterations
load_events   [  18% ] 04/20 VUs  1m21.0s/7m30s  40.00 iters/s

running (1m22.0s), 04/20 VUs, 2074 complete and 0 interrupted iterations
load_events   [  18% ] 04/20 VUs  1m22.0s/7m30s  40.00 iters/s

running (1m23.0s), 04/20 VUs, 2114 complete and 0 interrupted iterations
load_events   [  18% ] 04/20 VUs  1m23.0s/7m30s  40.00 iters/s

running (1m24.0s), 04/20 VUs, 2154 complete and 0 interrupted iterations
load_events   [  19% ] 04/20 VUs  1m24.0s/7m30s  40.00 iters/s

running (1m25.0s), 04/20 VUs, 2194 complete and 0 interrupted iterations
load_events   [  19% ] 04/20 VUs  1m25.0s/7m30s  40.00 iters/s

running (1m26.0s), 04/20 VUs, 2234 complete and 0 interrupted iterations
load_events   [  19% ] 04/20 VUs  1m26.0s/7m30s  40.00 iters/s

running (1m27.0s), 04/20 VUs, 2274 complete and 0 interrupted iterations
load_events   [  19% ] 04/20 VUs  1m27.0s/7m30s  40.00 iters/s

running (1m28.0s), 04/20 VUs, 2314 complete and 0 interrupted iterations
load_events   [  20% ] 04/20 VUs  1m28.0s/7m30s  40.00 iters/s

running (1m29.0s), 04/20 VUs, 2354 complete and 0 interrupted iterations
load_events   [  20% ] 04/20 VUs  1m29.0s/7m30s  40.00 iters/s

running (1m30.0s), 04/20 VUs, 2394 complete and 0 interrupted iterations
load_events   [  20% ] 04/20 VUs  1m30.0s/7m30s  40.00 iters/s

running (1m31.0s), 04/20 VUs, 2434 complete and 0 interrupted iterations
load_events   [  20% ] 04/20 VUs  1m31.0s/7m30s  40.00 iters/s

running (1m32.0s), 04/20 VUs, 2474 complete and 0 interrupted iterations
load_events   [  20% ] 04/20 VUs  1m32.0s/7m30s  40.00 iters/s

running (1m33.0s), 04/20 VUs, 2514 complete and 0 interrupted iterations
load_events   [  21% ] 04/20 VUs  1m33.0s/7m30s  40.00 iters/s

running (1m34.0s), 04/20 VUs, 2554 complete and 0 interrupted iterations
load_events   [  21% ] 04/20 VUs  1m34.0s/7m30s  40.00 iters/s

running (1m35.0s), 04/20 VUs, 2594 complete and 0 interrupted iterations
load_events   [  21% ] 04/20 VUs  1m35.0s/7m30s  40.00 iters/s

running (1m36.0s), 04/20 VUs, 2634 complete and 0 interrupted iterations
load_events   [  21% ] 04/20 VUs  1m36.0s/7m30s  40.00 iters/s

running (1m37.0s), 04/20 VUs, 2674 complete and 0 interrupted iterations
load_events   [  22% ] 04/20 VUs  1m37.0s/7m30s  40.00 iters/s

running (1m38.0s), 04/20 VUs, 2714 complete and 0 interrupted iterations
load_events   [  22% ] 04/20 VUs  1m38.0s/7m30s  40.00 iters/s

running (1m39.0s), 04/20 VUs, 2754 complete and 0 interrupted iterations
load_events   [  22% ] 04/20 VUs  1m39.0s/7m30s  40.00 iters/s

running (1m40.0s), 04/20 VUs, 2794 complete and 0 interrupted iterations
load_events   [  22% ] 04/20 VUs  1m40.0s/7m30s  40.00 iters/s

running (1m41.0s), 04/20 VUs, 2834 complete and 0 interrupted iterations
load_events   [  22% ] 04/20 VUs  1m41.0s/7m30s  40.00 iters/s

running (1m42.0s), 04/20 VUs, 2874 complete and 0 interrupted iterations
load_events   [  23% ] 04/20 VUs  1m42.0s/7m30s  40.00 iters/s

running (1m43.0s), 04/20 VUs, 2914 complete and 0 interrupted iterations
load_events   [  23% ] 04/20 VUs  1m43.0s/7m30s  40.00 iters/s

running (1m44.0s), 04/20 VUs, 2954 complete and 0 interrupted iterations
load_events   [  23% ] 04/20 VUs  1m44.0s/7m30s  40.00 iters/s

running (1m45.0s), 04/20 VUs, 2994 complete and 0 interrupted iterations
load_events   [  23% ] 04/20 VUs  1m45.0s/7m30s  40.00 iters/s

running (1m46.0s), 04/20 VUs, 3034 complete and 0 interrupted iterations
load_events   [  24% ] 04/20 VUs  1m46.0s/7m30s  40.00 iters/s

running (1m47.0s), 04/20 VUs, 3074 complete and 0 interrupted iterations
load_events   [  24% ] 04/20 VUs  1m47.0s/7m30s  40.00 iters/s

running (1m48.0s), 04/20 VUs, 3114 complete and 0 interrupted iterations
load_events   [  24% ] 04/20 VUs  1m48.0s/7m30s  40.00 iters/s

running (1m49.0s), 04/20 VUs, 3154 complete and 0 interrupted iterations
load_events   [  24% ] 04/20 VUs  1m49.0s/7m30s  40.00 iters/s

running (1m50.0s), 04/20 VUs, 3194 complete and 0 interrupted iterations
load_events   [  24% ] 04/20 VUs  1m50.0s/7m30s  40.00 iters/s

running (1m51.0s), 04/20 VUs, 3234 complete and 0 interrupted iterations
load_events   [  25% ] 04/20 VUs  1m51.0s/7m30s  40.00 iters/s

running (1m52.0s), 04/20 VUs, 3274 complete and 0 interrupted iterations
load_events   [  25% ] 04/20 VUs  1m52.0s/7m30s  40.00 iters/s

running (1m53.0s), 04/20 VUs, 3314 complete and 0 interrupted iterations
load_events   [  25% ] 04/20 VUs  1m53.0s/7m30s  40.00 iters/s

running (1m54.0s), 04/20 VUs, 3354 complete and 0 interrupted iterations
load_events   [  25% ] 04/20 VUs  1m54.0s/7m30s  40.00 iters/s

running (1m55.0s), 04/20 VUs, 3394 complete and 0 interrupted iterations
load_events   [  26% ] 04/20 VUs  1m55.0s/7m30s  40.00 iters/s

running (1m56.0s), 04/20 VUs, 3434 complete and 0 interrupted iterations
load_events   [  26% ] 04/20 VUs  1m56.0s/7m30s  40.00 iters/s

running (1m57.0s), 04/20 VUs, 3474 complete and 0 interrupted iterations
load_events   [  26% ] 04/20 VUs  1m57.0s/7m30s  40.00 iters/s

running (1m58.0s), 04/20 VUs, 3514 complete and 0 interrupted iterations
load_events   [  26% ] 04/20 VUs  1m58.0s/7m30s  40.00 iters/s

running (1m59.0s), 04/20 VUs, 3554 complete and 0 interrupted iterations
load_events   [  26% ] 04/20 VUs  1m59.0s/7m30s  40.00 iters/s

running (2m00.0s), 04/20 VUs, 3594 complete and 0 interrupted iterations
load_events   [  27% ] 04/20 VUs  2m00.0s/7m30s  40.00 iters/s

running (2m01.0s), 04/20 VUs, 3634 complete and 0 interrupted iterations
load_events   [  27% ] 04/20 VUs  2m01.0s/7m30s  40.00 iters/s

running (2m02.0s), 04/20 VUs, 3674 complete and 0 interrupted iterations
load_events   [  27% ] 04/20 VUs  2m02.0s/7m30s  40.00 iters/s

running (2m03.0s), 04/20 VUs, 3714 complete and 0 interrupted iterations
load_events   [  27% ] 04/20 VUs  2m03.0s/7m30s  40.00 iters/s

running (2m04.0s), 04/20 VUs, 3754 complete and 0 interrupted iterations
load_events   [  28% ] 04/20 VUs  2m04.0s/7m30s  40.00 iters/s

running (2m05.0s), 04/20 VUs, 3794 complete and 0 interrupted iterations
load_events   [  28% ] 04/20 VUs  2m05.0s/7m30s  40.00 iters/s

running (2m06.0s), 04/20 VUs, 3834 complete and 0 interrupted iterations
load_events   [  28% ] 04/20 VUs  2m06.0s/7m30s  40.00 iters/s

running (2m07.0s), 04/20 VUs, 3874 complete and 0 interrupted iterations
load_events   [  28% ] 04/20 VUs  2m07.0s/7m30s  40.00 iters/s

running (2m08.0s), 04/20 VUs, 3914 complete and 0 interrupted iterations
load_events   [  28% ] 04/20 VUs  2m08.0s/7m30s  40.00 iters/s

running (2m09.0s), 04/20 VUs, 3954 complete and 0 interrupted iterations
load_events   [  29% ] 04/20 VUs  2m09.0s/7m30s  40.00 iters/s

running (2m10.0s), 04/20 VUs, 3994 complete and 0 interrupted iterations
load_events   [  29% ] 04/20 VUs  2m10.0s/7m30s  40.00 iters/s

running (2m11.0s), 04/20 VUs, 4034 complete and 0 interrupted iterations
load_events   [  29% ] 04/20 VUs  2m11.0s/7m30s  40.00 iters/s

running (2m12.0s), 04/20 VUs, 4074 complete and 0 interrupted iterations
load_events   [  29% ] 04/20 VUs  2m12.0s/7m30s  40.00 iters/s

running (2m13.0s), 04/20 VUs, 4114 complete and 0 interrupted iterations
load_events   [  30% ] 04/20 VUs  2m13.0s/7m30s  40.00 iters/s

running (2m14.0s), 04/20 VUs, 4154 complete and 0 interrupted iterations
load_events   [  30% ] 04/20 VUs  2m14.0s/7m30s  40.00 iters/s

running (2m15.0s), 04/20 VUs, 4194 complete and 0 interrupted iterations
load_events   [  30% ] 04/20 VUs  2m15.0s/7m30s  40.00 iters/s

running (2m16.0s), 04/20 VUs, 4234 complete and 0 interrupted iterations
load_events   [  30% ] 04/20 VUs  2m16.0s/7m30s  40.00 iters/s

running (2m17.0s), 04/20 VUs, 4274 complete and 0 interrupted iterations
load_events   [  30% ] 04/20 VUs  2m17.0s/7m30s  40.00 iters/s

running (2m18.0s), 04/20 VUs, 4314 complete and 0 interrupted iterations
load_events   [  31% ] 04/20 VUs  2m18.0s/7m30s  40.00 iters/s

running (2m19.0s), 04/20 VUs, 4354 complete and 0 interrupted iterations
load_events   [  31% ] 04/20 VUs  2m19.0s/7m30s  40.00 iters/s

running (2m20.0s), 04/20 VUs, 4394 complete and 0 interrupted iterations
load_events   [  31% ] 04/20 VUs  2m20.0s/7m30s  40.00 iters/s

running (2m21.0s), 04/20 VUs, 4434 complete and 0 interrupted iterations
load_events   [  31% ] 04/20 VUs  2m21.0s/7m30s  40.00 iters/s

running (2m22.0s), 04/20 VUs, 4474 complete and 0 interrupted iterations
load_events   [  32% ] 04/20 VUs  2m22.0s/7m30s  40.00 iters/s

running (2m23.0s), 04/20 VUs, 4514 complete and 0 interrupted iterations
load_events   [  32% ] 04/20 VUs  2m23.0s/7m30s  40.00 iters/s

running (2m24.0s), 04/20 VUs, 4554 complete and 0 interrupted iterations
load_events   [  32% ] 04/20 VUs  2m24.0s/7m30s  40.00 iters/s

running (2m25.0s), 04/20 VUs, 4594 complete and 0 interrupted iterations
load_events   [  32% ] 04/20 VUs  2m25.0s/7m30s  40.00 iters/s

running (2m26.0s), 04/20 VUs, 4634 complete and 0 interrupted iterations
load_events   [  32% ] 04/20 VUs  2m26.0s/7m30s  40.00 iters/s

running (2m27.0s), 04/20 VUs, 4674 complete and 0 interrupted iterations
load_events   [  33% ] 04/20 VUs  2m27.0s/7m30s  40.00 iters/s

running (2m28.0s), 04/20 VUs, 4714 complete and 0 interrupted iterations
load_events   [  33% ] 04/20 VUs  2m28.0s/7m30s  40.00 iters/s

running (2m29.0s), 04/20 VUs, 4754 complete and 0 interrupted iterations
load_events   [  33% ] 04/20 VUs  2m29.0s/7m30s  40.00 iters/s

running (2m30.0s), 04/20 VUs, 4794 complete and 0 interrupted iterations
load_events   [  33% ] 04/20 VUs  2m30.0s/7m30s  40.00 iters/s

running (2m31.0s), 04/20 VUs, 4834 complete and 0 interrupted iterations
load_events   [  34% ] 04/20 VUs  2m31.0s/7m30s  40.00 iters/s

running (2m32.0s), 04/20 VUs, 4874 complete and 0 interrupted iterations
load_events   [  34% ] 04/20 VUs  2m32.0s/7m30s  40.00 iters/s

running (2m33.0s), 04/20 VUs, 4914 complete and 0 interrupted iterations
load_events   [  34% ] 04/20 VUs  2m33.0s/7m30s  40.00 iters/s

running (2m34.0s), 04/20 VUs, 4954 complete and 0 interrupted iterations
load_events   [  34% ] 04/20 VUs  2m34.0s/7m30s  40.00 iters/s

running (2m35.0s), 04/20 VUs, 4994 complete and 0 interrupted iterations
load_events   [  34% ] 04/20 VUs  2m35.0s/7m30s  40.00 iters/s

running (2m36.0s), 04/20 VUs, 5034 complete and 0 interrupted iterations
load_events   [  35% ] 04/20 VUs  2m36.0s/7m30s  40.00 iters/s

running (2m37.0s), 04/20 VUs, 5074 complete and 0 interrupted iterations
load_events   [  35% ] 04/20 VUs  2m37.0s/7m30s  40.00 iters/s

running (2m38.0s), 04/20 VUs, 5114 complete and 0 interrupted iterations
load_events   [  35% ] 04/20 VUs  2m38.0s/7m30s  40.00 iters/s

running (2m39.0s), 04/20 VUs, 5154 complete and 0 interrupted iterations
load_events   [  35% ] 04/20 VUs  2m39.0s/7m30s  40.00 iters/s

running (2m40.0s), 04/20 VUs, 5194 complete and 0 interrupted iterations
load_events   [  36% ] 04/20 VUs  2m40.0s/7m30s  40.00 iters/s

running (2m41.0s), 04/20 VUs, 5234 complete and 0 interrupted iterations
load_events   [  36% ] 04/20 VUs  2m41.0s/7m30s  40.00 iters/s

running (2m42.0s), 04/20 VUs, 5274 complete and 0 interrupted iterations
load_events   [  36% ] 04/20 VUs  2m42.0s/7m30s  40.00 iters/s

running (2m43.0s), 04/20 VUs, 5314 complete and 0 interrupted iterations
load_events   [  36% ] 04/20 VUs  2m43.0s/7m30s  40.00 iters/s

running (2m44.0s), 04/20 VUs, 5354 complete and 0 interrupted iterations
load_events   [  36% ] 04/20 VUs  2m44.0s/7m30s  40.00 iters/s

running (2m45.0s), 04/20 VUs, 5394 complete and 0 interrupted iterations
load_events   [  37% ] 04/20 VUs  2m45.0s/7m30s  40.00 iters/s

running (2m46.0s), 04/20 VUs, 5434 complete and 0 interrupted iterations
load_events   [  37% ] 04/20 VUs  2m46.0s/7m30s  40.00 iters/s

running (2m47.0s), 04/20 VUs, 5474 complete and 0 interrupted iterations
load_events   [  37% ] 04/20 VUs  2m47.0s/7m30s  40.00 iters/s

running (2m48.0s), 04/20 VUs, 5514 complete and 0 interrupted iterations
load_events   [  37% ] 04/20 VUs  2m48.0s/7m30s  40.00 iters/s

running (2m49.0s), 04/20 VUs, 5554 complete and 0 interrupted iterations
load_events   [  38% ] 04/20 VUs  2m49.0s/7m30s  40.00 iters/s

running (2m50.0s), 04/20 VUs, 5594 complete and 0 interrupted iterations
load_events   [  38% ] 04/20 VUs  2m50.0s/7m30s  40.00 iters/s

running (2m51.0s), 04/20 VUs, 5634 complete and 0 interrupted iterations
load_events   [  38% ] 04/20 VUs  2m51.0s/7m30s  40.00 iters/s

running (2m52.0s), 04/20 VUs, 5674 complete and 0 interrupted iterations
load_events   [  38% ] 04/20 VUs  2m52.0s/7m30s  40.00 iters/s

running (2m53.0s), 04/20 VUs, 5714 complete and 0 interrupted iterations
load_events   [  38% ] 04/20 VUs  2m53.0s/7m30s  40.00 iters/s

running (2m54.0s), 04/20 VUs, 5754 complete and 0 interrupted iterations
load_events   [  39% ] 04/20 VUs  2m54.0s/7m30s  40.00 iters/s

running (2m55.0s), 04/20 VUs, 5794 complete and 0 interrupted iterations
load_events   [  39% ] 04/20 VUs  2m55.0s/7m30s  40.00 iters/s

running (2m56.0s), 04/20 VUs, 5834 complete and 0 interrupted iterations
load_events   [  39% ] 04/20 VUs  2m56.0s/7m30s  40.00 iters/s

running (2m57.0s), 04/20 VUs, 5874 complete and 0 interrupted iterations
load_events   [  39% ] 04/20 VUs  2m57.0s/7m30s  40.00 iters/s

running (2m58.0s), 04/20 VUs, 5914 complete and 0 interrupted iterations
load_events   [  40% ] 04/20 VUs  2m58.0s/7m30s  40.00 iters/s

running (2m59.0s), 04/20 VUs, 5954 complete and 0 interrupted iterations
load_events   [  40% ] 04/20 VUs  2m59.0s/7m30s  40.00 iters/s

running (3m00.0s), 04/20 VUs, 5994 complete and 0 interrupted iterations
load_events   [  40% ] 04/20 VUs  3m00.0s/7m30s  40.00 iters/s

running (3m01.0s), 05/20 VUs, 6034 complete and 0 interrupted iterations
load_events   [  40% ] 05/20 VUs  3m01.0s/7m30s  40.65 iters/s

running (3m02.0s), 05/20 VUs, 6075 complete and 0 interrupted iterations
load_events   [  40% ] 05/20 VUs  3m02.0s/7m30s  41.32 iters/s

running (3m03.0s), 04/20 VUs, 6117 complete and 0 interrupted iterations
load_events   [  41% ] 04/20 VUs  3m03.0s/7m30s  41.98 iters/s

running (3m04.0s), 05/20 VUs, 6159 complete and 0 interrupted iterations
load_events   [  41% ] 05/20 VUs  3m04.0s/7m30s  42.65 iters/s

running (3m05.0s), 05/20 VUs, 6202 complete and 0 interrupted iterations
load_events   [  41% ] 05/20 VUs  3m05.0s/7m30s  43.32 iters/s

running (3m06.0s), 05/20 VUs, 6245 complete and 0 interrupted iterations
load_events   [  41% ] 05/20 VUs  3m06.0s/7m30s  43.98 iters/s

running (3m07.0s), 05/20 VUs, 6290 complete and 0 interrupted iterations
load_events   [  42% ] 05/20 VUs  3m07.0s/7m30s  44.65 iters/s

running (3m08.0s), 05/20 VUs, 6335 complete and 0 interrupted iterations
load_events   [  42% ] 05/20 VUs  3m08.0s/7m30s  45.32 iters/s

running (3m09.0s), 05/20 VUs, 6380 complete and 0 interrupted iterations
load_events   [  42% ] 05/20 VUs  3m09.0s/7m30s  45.98 iters/s

running (3m10.0s), 06/20 VUs, 6426 complete and 0 interrupted iterations
load_events   [  42% ] 06/20 VUs  3m10.0s/7m30s  46.65 iters/s

running (3m11.0s), 06/20 VUs, 6473 complete and 0 interrupted iterations
load_events   [  42% ] 06/20 VUs  3m11.0s/7m30s  47.32 iters/s

running (3m12.0s), 05/20 VUs, 6521 complete and 0 interrupted iterations
load_events   [  43% ] 05/20 VUs  3m12.0s/7m30s  47.98 iters/s

running (3m13.0s), 05/20 VUs, 6569 complete and 0 interrupted iterations
load_events   [  43% ] 05/20 VUs  3m13.0s/7m30s  48.64 iters/s

running (3m14.0s), 05/20 VUs, 6618 complete and 0 interrupted iterations
load_events   [  43% ] 05/20 VUs  3m14.0s/7m30s  49.31 iters/s

running (3m15.0s), 05/20 VUs, 6668 complete and 0 interrupted iterations
load_events   [  43% ] 05/20 VUs  3m15.0s/7m30s  49.98 iters/s

running (3m16.0s), 05/20 VUs, 6718 complete and 0 interrupted iterations
load_events   [  44% ] 05/20 VUs  3m16.0s/7m30s  50.64 iters/s

running (3m17.0s), 05/20 VUs, 6769 complete and 0 interrupted iterations
load_events   [  44% ] 05/20 VUs  3m17.0s/7m30s  51.31 iters/s

running (3m18.0s), 06/20 VUs, 6820 complete and 0 interrupted iterations
load_events   [  44% ] 06/20 VUs  3m18.0s/7m30s  51.98 iters/s

running (3m19.0s), 06/20 VUs, 6872 complete and 0 interrupted iterations
load_events   [  44% ] 06/20 VUs  3m19.0s/7m30s  52.64 iters/s

running (3m20.0s), 06/20 VUs, 6925 complete and 0 interrupted iterations
load_events   [  44% ] 06/20 VUs  3m20.0s/7m30s  53.31 iters/s

running (3m21.0s), 06/20 VUs, 6979 complete and 0 interrupted iterations
load_events   [  45% ] 06/20 VUs  3m21.0s/7m30s  53.98 iters/s

running (3m22.0s), 06/20 VUs, 7033 complete and 0 interrupted iterations
load_events   [  45% ] 06/20 VUs  3m22.0s/7m30s  54.64 iters/s

running (3m23.0s), 06/20 VUs, 7088 complete and 0 interrupted iterations
load_events   [  45% ] 06/20 VUs  3m23.0s/7m30s  55.31 iters/s

running (3m24.0s), 06/20 VUs, 7144 complete and 0 interrupted iterations
load_events   [  45% ] 06/20 VUs  3m24.0s/7m30s  55.98 iters/s

running (3m25.0s), 06/20 VUs, 7200 complete and 0 interrupted iterations
load_events   [  46% ] 06/20 VUs  3m25.0s/7m30s  56.65 iters/s

running (3m26.0s), 06/20 VUs, 7257 complete and 0 interrupted iterations
load_events   [  46% ] 06/20 VUs  3m26.0s/7m30s  57.31 iters/s

running (3m27.0s), 06/20 VUs, 7315 complete and 0 interrupted iterations
load_events   [  46% ] 06/20 VUs  3m27.0s/7m30s  57.98 iters/s

running (3m28.0s), 06/20 VUs, 7373 complete and 0 interrupted iterations
load_events   [  46% ] 06/20 VUs  3m28.0s/7m30s  58.65 iters/s

running (3m29.0s), 06/20 VUs, 7432 complete and 0 interrupted iterations
load_events   [  46% ] 06/20 VUs  3m29.0s/7m30s  59.31 iters/s

running (3m30.0s), 07/20 VUs, 7491 complete and 0 interrupted iterations
load_events   [  47% ] 07/20 VUs  3m30.0s/7m30s  59.98 iters/s

running (3m31.0s), 06/20 VUs, 7552 complete and 0 interrupted iterations
load_events   [  47% ] 06/20 VUs  3m31.0s/7m30s  60.65 iters/s

running (3m32.0s), 07/20 VUs, 7612 complete and 0 interrupted iterations
load_events   [  47% ] 07/20 VUs  3m32.0s/7m30s  61.31 iters/s

running (3m33.0s), 07/20 VUs, 7674 complete and 0 interrupted iterations
load_events   [  47% ] 07/20 VUs  3m33.0s/7m30s  61.98 iters/s

running (3m34.0s), 07/20 VUs, 7736 complete and 0 interrupted iterations
load_events   [  48% ] 07/20 VUs  3m34.0s/7m30s  62.65 iters/s

running (3m35.0s), 07/20 VUs, 7799 complete and 0 interrupted iterations
load_events   [  48% ] 07/20 VUs  3m35.0s/7m30s  63.31 iters/s

running (3m36.0s), 07/20 VUs, 7863 complete and 0 interrupted iterations
load_events   [  48% ] 07/20 VUs  3m36.0s/7m30s  63.98 iters/s

running (3m37.0s), 07/20 VUs, 7927 complete and 0 interrupted iterations
load_events   [  48% ] 07/20 VUs  3m37.0s/7m30s  64.65 iters/s

running (3m38.0s), 07/20 VUs, 7992 complete and 0 interrupted iterations
load_events   [  48% ] 07/20 VUs  3m38.0s/7m30s  65.31 iters/s

running (3m39.0s), 08/20 VUs, 8057 complete and 0 interrupted iterations
load_events   [  49% ] 08/20 VUs  3m39.0s/7m30s  65.98 iters/s

running (3m40.0s), 07/20 VUs, 8124 complete and 0 interrupted iterations
load_events   [  49% ] 07/20 VUs  3m40.0s/7m30s  66.65 iters/s

running (3m41.0s), 07/20 VUs, 8191 complete and 0 interrupted iterations
load_events   [  49% ] 07/20 VUs  3m41.0s/7m30s  67.32 iters/s

running (3m42.0s), 08/20 VUs, 8258 complete and 0 interrupted iterations
load_events   [  49% ] 08/20 VUs  3m42.0s/7m30s  67.99 iters/s

running (3m43.0s), 08/20 VUs, 8326 complete and 0 interrupted iterations
load_events   [  50% ] 08/20 VUs  3m43.0s/7m30s  68.65 iters/s

running (3m44.0s), 08/20 VUs, 8395 complete and 0 interrupted iterations
load_events   [  50% ] 08/20 VUs  3m44.0s/7m30s  69.32 iters/s

running (3m45.0s), 08/20 VUs, 8465 complete and 0 interrupted iterations
load_events   [  50% ] 08/20 VUs  3m45.0s/7m30s  69.99 iters/s

running (3m46.0s), 08/20 VUs, 8535 complete and 0 interrupted iterations
load_events   [  50% ] 08/20 VUs  3m46.0s/7m30s  70.65 iters/s

running (3m47.0s), 08/20 VUs, 8606 complete and 0 interrupted iterations
load_events   [  50% ] 08/20 VUs  3m47.0s/7m30s  71.32 iters/s

running (3m48.0s), 07/20 VUs, 8678 complete and 0 interrupted iterations
load_events   [  51% ] 07/20 VUs  3m48.0s/7m30s  71.98 iters/s

running (3m49.0s), 08/20 VUs, 8750 complete and 0 interrupted iterations
load_events   [  51% ] 08/20 VUs  3m49.0s/7m30s  72.65 iters/s

running (3m50.0s), 08/20 VUs, 8823 complete and 0 interrupted iterations
load_events   [  51% ] 08/20 VUs  3m50.0s/7m30s  73.32 iters/s

running (3m51.0s), 08/20 VUs, 8896 complete and 0 interrupted iterations
load_events   [  51% ] 08/20 VUs  3m51.0s/7m30s  73.98 iters/s

running (3m52.0s), 08/20 VUs, 8971 complete and 0 interrupted iterations
load_events   [  52% ] 08/20 VUs  3m52.0s/7m30s  74.65 iters/s

running (3m53.0s), 09/20 VUs, 9045 complete and 0 interrupted iterations
load_events   [  52% ] 09/20 VUs  3m53.0s/7m30s  75.32 iters/s

running (3m54.0s), 08/20 VUs, 9121 complete and 0 interrupted iterations
load_events   [  52% ] 08/20 VUs  3m54.0s/7m30s  75.98 iters/s

running (3m55.0s), 09/20 VUs, 9197 complete and 0 interrupted iterations
load_events   [  52% ] 09/20 VUs  3m55.0s/7m30s  76.65 iters/s

running (3m56.0s), 09/20 VUs, 9274 complete and 0 interrupted iterations
load_events   [  52% ] 09/20 VUs  3m56.0s/7m30s  77.32 iters/s

running (3m57.0s), 08/20 VUs, 9352 complete and 0 interrupted iterations
load_events   [  53% ] 08/20 VUs  3m57.0s/7m30s  77.98 iters/s

running (3m58.0s), 09/20 VUs, 9430 complete and 0 interrupted iterations
load_events   [  53% ] 09/20 VUs  3m58.0s/7m30s  78.65 iters/s

running (3m59.0s), 09/20 VUs, 9509 complete and 0 interrupted iterations
load_events   [  53% ] 09/20 VUs  3m59.0s/7m30s  79.32 iters/s

running (4m00.0s), 09/20 VUs, 9588 complete and 0 interrupted iterations
load_events   [  53% ] 09/20 VUs  4m00.0s/7m30s  79.98 iters/s

running (4m01.0s), 08/20 VUs, 9669 complete and 0 interrupted iterations
load_events   [  54% ] 08/20 VUs  4m01.0s/7m30s  80.00 iters/s

running (4m02.0s), 08/20 VUs, 9749 complete and 0 interrupted iterations
load_events   [  54% ] 08/20 VUs  4m02.0s/7m30s  80.00 iters/s

running (4m03.0s), 09/20 VUs, 9828 complete and 0 interrupted iterations
load_events   [  54% ] 09/20 VUs  4m03.0s/7m30s  80.00 iters/s

running (4m04.0s), 08/20 VUs, 9909 complete and 0 interrupted iterations
load_events   [  54% ] 08/20 VUs  4m04.0s/7m30s  80.00 iters/s

running (4m05.0s), 09/20 VUs, 9988 complete and 0 interrupted iterations
load_events   [  54% ] 09/20 VUs  4m05.0s/7m30s  80.00 iters/s

running (4m06.0s), 08/20 VUs, 10069 complete and 0 interrupted iterations
load_events   [  55% ] 08/20 VUs  4m06.0s/7m30s  80.00 iters/s

running (4m07.0s), 08/20 VUs, 10149 complete and 0 interrupted iterations
load_events   [  55% ] 08/20 VUs  4m07.0s/7m30s  80.00 iters/s

running (4m08.0s), 08/20 VUs, 10229 complete and 0 interrupted iterations
load_events   [  55% ] 08/20 VUs  4m08.0s/7m30s  80.00 iters/s

running (4m09.0s), 09/20 VUs, 10308 complete and 0 interrupted iterations
load_events   [  55% ] 09/20 VUs  4m09.0s/7m30s  80.00 iters/s

running (4m10.0s), 09/20 VUs, 10388 complete and 0 interrupted iterations
load_events   [  56% ] 09/20 VUs  4m10.0s/7m30s  80.00 iters/s

running (4m11.0s), 09/20 VUs, 10468 complete and 0 interrupted iterations
load_events   [  56% ] 09/20 VUs  4m11.0s/7m30s  80.00 iters/s

running (4m12.0s), 08/20 VUs, 10549 complete and 0 interrupted iterations
load_events   [  56% ] 08/20 VUs  4m12.0s/7m30s  80.00 iters/s

running (4m13.0s), 09/20 VUs, 10628 complete and 0 interrupted iterations
load_events   [  56% ] 09/20 VUs  4m13.0s/7m30s  80.00 iters/s

running (4m14.0s), 09/20 VUs, 10708 complete and 0 interrupted iterations
load_events   [  56% ] 09/20 VUs  4m14.0s/7m30s  80.00 iters/s

running (4m15.0s), 08/20 VUs, 10789 complete and 0 interrupted iterations
load_events   [  57% ] 08/20 VUs  4m15.0s/7m30s  80.00 iters/s

running (4m16.0s), 08/20 VUs, 10869 complete and 0 interrupted iterations
load_events   [  57% ] 08/20 VUs  4m16.0s/7m30s  80.00 iters/s

running (4m17.0s), 08/20 VUs, 10949 complete and 0 interrupted iterations
load_events   [  57% ] 08/20 VUs  4m17.0s/7m30s  80.00 iters/s

running (4m18.0s), 08/20 VUs, 11029 complete and 0 interrupted iterations
load_events   [  57% ] 08/20 VUs  4m18.0s/7m30s  80.00 iters/s

running (4m19.0s), 09/20 VUs, 11108 complete and 0 interrupted iterations
load_events   [  58% ] 09/20 VUs  4m19.0s/7m30s  80.00 iters/s

running (4m20.0s), 08/20 VUs, 11189 complete and 0 interrupted iterations
load_events   [  58% ] 08/20 VUs  4m20.0s/7m30s  80.00 iters/s

running (4m21.0s), 08/20 VUs, 11269 complete and 0 interrupted iterations
load_events   [  58% ] 08/20 VUs  4m21.0s/7m30s  80.00 iters/s

running (4m22.0s), 09/20 VUs, 11348 complete and 0 interrupted iterations
load_events   [  58% ] 09/20 VUs  4m22.0s/7m30s  80.00 iters/s

running (4m23.0s), 08/20 VUs, 11429 complete and 0 interrupted iterations
load_events   [  58% ] 08/20 VUs  4m23.0s/7m30s  80.00 iters/s

running (4m24.0s), 08/20 VUs, 11509 complete and 0 interrupted iterations
load_events   [  59% ] 08/20 VUs  4m24.0s/7m30s  80.00 iters/s

running (4m25.0s), 08/20 VUs, 11589 complete and 0 interrupted iterations
load_events   [  59% ] 08/20 VUs  4m25.0s/7m30s  80.00 iters/s

running (4m26.0s), 08/20 VUs, 11669 complete and 0 interrupted iterations
load_events   [  59% ] 08/20 VUs  4m26.0s/7m30s  80.00 iters/s

running (4m27.0s), 08/20 VUs, 11749 complete and 0 interrupted iterations
load_events   [  59% ] 08/20 VUs  4m27.0s/7m30s  80.00 iters/s

running (4m28.0s), 09/20 VUs, 11828 complete and 0 interrupted iterations
load_events   [  60% ] 09/20 VUs  4m28.0s/7m30s  80.00 iters/s

running (4m29.0s), 08/20 VUs, 11909 complete and 0 interrupted iterations
load_events   [  60% ] 08/20 VUs  4m29.0s/7m30s  80.00 iters/s

running (4m30.0s), 08/20 VUs, 11989 complete and 0 interrupted iterations
load_events   [  60% ] 08/20 VUs  4m30.0s/7m30s  80.00 iters/s

running (4m31.0s), 08/20 VUs, 12069 complete and 0 interrupted iterations
load_events   [  60% ] 08/20 VUs  4m31.0s/7m30s  80.00 iters/s

running (4m32.0s), 08/20 VUs, 12149 complete and 0 interrupted iterations
load_events   [  60% ] 08/20 VUs  4m32.0s/7m30s  80.00 iters/s

running (4m33.0s), 09/20 VUs, 12228 complete and 0 interrupted iterations
load_events   [  61% ] 09/20 VUs  4m33.0s/7m30s  80.00 iters/s

running (4m34.0s), 08/20 VUs, 12309 complete and 0 interrupted iterations
load_events   [  61% ] 08/20 VUs  4m34.0s/7m30s  80.00 iters/s

running (4m35.0s), 08/20 VUs, 12389 complete and 0 interrupted iterations
load_events   [  61% ] 08/20 VUs  4m35.0s/7m30s  80.00 iters/s

running (4m36.0s), 09/20 VUs, 12468 complete and 0 interrupted iterations
load_events   [  61% ] 09/20 VUs  4m36.0s/7m30s  80.00 iters/s

running (4m37.0s), 08/20 VUs, 12549 complete and 0 interrupted iterations
load_events   [  62% ] 08/20 VUs  4m37.0s/7m30s  80.00 iters/s

running (4m38.0s), 08/20 VUs, 12629 complete and 0 interrupted iterations
load_events   [  62% ] 08/20 VUs  4m38.0s/7m30s  80.00 iters/s

running (4m39.0s), 09/20 VUs, 12708 complete and 0 interrupted iterations
load_events   [  62% ] 09/20 VUs  4m39.0s/7m30s  80.00 iters/s

running (4m40.0s), 08/20 VUs, 12789 complete and 0 interrupted iterations
load_events   [  62% ] 08/20 VUs  4m40.0s/7m30s  80.00 iters/s

running (4m41.0s), 08/20 VUs, 12869 complete and 0 interrupted iterations
load_events   [  62% ] 08/20 VUs  4m41.0s/7m30s  80.00 iters/s

running (4m42.0s), 09/20 VUs, 12948 complete and 0 interrupted iterations
load_events   [  63% ] 09/20 VUs  4m42.0s/7m30s  80.00 iters/s

running (4m43.0s), 09/20 VUs, 13028 complete and 0 interrupted iterations
load_events   [  63% ] 09/20 VUs  4m43.0s/7m30s  80.00 iters/s

running (4m44.0s), 08/20 VUs, 13109 complete and 0 interrupted iterations
load_events   [  63% ] 08/20 VUs  4m44.0s/7m30s  80.00 iters/s

running (4m45.0s), 08/20 VUs, 13189 complete and 0 interrupted iterations
load_events   [  63% ] 08/20 VUs  4m45.0s/7m30s  80.00 iters/s

running (4m46.0s), 08/20 VUs, 13269 complete and 0 interrupted iterations
load_events   [  64% ] 08/20 VUs  4m46.0s/7m30s  80.00 iters/s

running (4m47.0s), 08/20 VUs, 13349 complete and 0 interrupted iterations
load_events   [  64% ] 08/20 VUs  4m47.0s/7m30s  80.00 iters/s

running (4m48.0s), 08/20 VUs, 13429 complete and 0 interrupted iterations
load_events   [  64% ] 08/20 VUs  4m48.0s/7m30s  80.00 iters/s

running (4m49.0s), 09/20 VUs, 13508 complete and 0 interrupted iterations
load_events   [  64% ] 09/20 VUs  4m49.0s/7m30s  80.00 iters/s

running (4m50.0s), 09/20 VUs, 13588 complete and 0 interrupted iterations
load_events   [  64% ] 09/20 VUs  4m50.0s/7m30s  80.00 iters/s

running (4m51.0s), 08/20 VUs, 13669 complete and 0 interrupted iterations
load_events   [  65% ] 08/20 VUs  4m51.0s/7m30s  80.00 iters/s

running (4m52.0s), 08/20 VUs, 13749 complete and 0 interrupted iterations
load_events   [  65% ] 08/20 VUs  4m52.0s/7m30s  80.00 iters/s

running (4m53.0s), 08/20 VUs, 13829 complete and 0 interrupted iterations
load_events   [  65% ] 08/20 VUs  4m53.0s/7m30s  80.00 iters/s

running (4m54.0s), 08/20 VUs, 13909 complete and 0 interrupted iterations
load_events   [  65% ] 08/20 VUs  4m54.0s/7m30s  80.00 iters/s

running (4m55.0s), 09/20 VUs, 13988 complete and 0 interrupted iterations
load_events   [  66% ] 09/20 VUs  4m55.0s/7m30s  80.00 iters/s

running (4m56.0s), 09/20 VUs, 14068 complete and 0 interrupted iterations
load_events   [  66% ] 09/20 VUs  4m56.0s/7m30s  80.00 iters/s

running (4m57.0s), 08/20 VUs, 14149 complete and 0 interrupted iterations
load_events   [  66% ] 08/20 VUs  4m57.0s/7m30s  80.00 iters/s

running (4m58.0s), 08/20 VUs, 14229 complete and 0 interrupted iterations
load_events   [  66% ] 08/20 VUs  4m58.0s/7m30s  80.00 iters/s

running (4m59.0s), 08/20 VUs, 14309 complete and 0 interrupted iterations
load_events   [  66% ] 08/20 VUs  4m59.0s/7m30s  80.00 iters/s

running (5m00.0s), 08/20 VUs, 14389 complete and 0 interrupted iterations
load_events   [  67% ] 08/20 VUs  5m00.0s/7m30s  80.00 iters/s

running (5m01.0s), 09/20 VUs, 14468 complete and 0 interrupted iterations
load_events   [  67% ] 09/20 VUs  5m01.0s/7m30s  80.00 iters/s

running (5m02.0s), 09/20 VUs, 14548 complete and 0 interrupted iterations
load_events   [  67% ] 09/20 VUs  5m02.0s/7m30s  80.00 iters/s

running (5m03.0s), 09/20 VUs, 14628 complete and 0 interrupted iterations
load_events   [  67% ] 09/20 VUs  5m03.0s/7m30s  80.00 iters/s

running (5m04.0s), 09/20 VUs, 14708 complete and 0 interrupted iterations
load_events   [  68% ] 09/20 VUs  5m04.0s/7m30s  80.00 iters/s

running (5m05.0s), 08/20 VUs, 14789 complete and 0 interrupted iterations
load_events   [  68% ] 08/20 VUs  5m05.0s/7m30s  80.00 iters/s

running (5m06.0s), 09/20 VUs, 14868 complete and 0 interrupted iterations
load_events   [  68% ] 09/20 VUs  5m06.0s/7m30s  80.00 iters/s

running (5m07.0s), 09/20 VUs, 14948 complete and 0 interrupted iterations
load_events   [  68% ] 09/20 VUs  5m07.0s/7m30s  80.00 iters/s

running (5m08.0s), 08/20 VUs, 15029 complete and 0 interrupted iterations
load_events   [  68% ] 08/20 VUs  5m08.0s/7m30s  80.00 iters/s

running (5m09.0s), 09/20 VUs, 15108 complete and 0 interrupted iterations
load_events   [  69% ] 09/20 VUs  5m09.0s/7m30s  80.00 iters/s

running (5m10.0s), 09/20 VUs, 15188 complete and 0 interrupted iterations
load_events   [  69% ] 09/20 VUs  5m10.0s/7m30s  80.00 iters/s

running (5m11.0s), 09/20 VUs, 15268 complete and 0 interrupted iterations
load_events   [  69% ] 09/20 VUs  5m11.0s/7m30s  80.00 iters/s

running (5m12.0s), 08/20 VUs, 15349 complete and 0 interrupted iterations
load_events   [  69% ] 08/20 VUs  5m12.0s/7m30s  80.00 iters/s

running (5m13.0s), 08/20 VUs, 15429 complete and 0 interrupted iterations
load_events   [  70% ] 08/20 VUs  5m13.0s/7m30s  80.00 iters/s

running (5m14.0s), 09/20 VUs, 15508 complete and 0 interrupted iterations
load_events   [  70% ] 09/20 VUs  5m14.0s/7m30s  80.00 iters/s

running (5m15.0s), 08/20 VUs, 15589 complete and 0 interrupted iterations
load_events   [  70% ] 08/20 VUs  5m15.0s/7m30s  80.00 iters/s

running (5m16.0s), 08/20 VUs, 15669 complete and 0 interrupted iterations
load_events   [  70% ] 08/20 VUs  5m16.0s/7m30s  80.00 iters/s

running (5m17.0s), 08/20 VUs, 15749 complete and 0 interrupted iterations
load_events   [  70% ] 08/20 VUs  5m17.0s/7m30s  80.00 iters/s

running (5m18.0s), 09/20 VUs, 15828 complete and 0 interrupted iterations
load_events   [  71% ] 09/20 VUs  5m18.0s/7m30s  80.00 iters/s

running (5m19.0s), 09/20 VUs, 15908 complete and 0 interrupted iterations
load_events   [  71% ] 09/20 VUs  5m19.0s/7m30s  80.00 iters/s

running (5m20.0s), 09/20 VUs, 15988 complete and 0 interrupted iterations
load_events   [  71% ] 09/20 VUs  5m20.0s/7m30s  80.00 iters/s

running (5m21.0s), 09/20 VUs, 16068 complete and 0 interrupted iterations
load_events   [  71% ] 09/20 VUs  5m21.0s/7m30s  80.00 iters/s

running (5m22.0s), 09/20 VUs, 16148 complete and 0 interrupted iterations
load_events   [  72% ] 09/20 VUs  5m22.0s/7m30s  80.00 iters/s

running (5m23.0s), 09/20 VUs, 16228 complete and 0 interrupted iterations
load_events   [  72% ] 09/20 VUs  5m23.0s/7m30s  80.00 iters/s

running (5m24.0s), 09/20 VUs, 16308 complete and 0 interrupted iterations
load_events   [  72% ] 09/20 VUs  5m24.0s/7m30s  80.00 iters/s

running (5m25.0s), 08/20 VUs, 16389 complete and 0 interrupted iterations
load_events   [  72% ] 08/20 VUs  5m25.0s/7m30s  80.00 iters/s

running (5m26.0s), 08/20 VUs, 16469 complete and 0 interrupted iterations
load_events   [  72% ] 08/20 VUs  5m26.0s/7m30s  80.00 iters/s

running (5m27.0s), 09/20 VUs, 16548 complete and 0 interrupted iterations
load_events   [  73% ] 09/20 VUs  5m27.0s/7m30s  80.00 iters/s

running (5m28.0s), 08/20 VUs, 16629 complete and 0 interrupted iterations
load_events   [  73% ] 08/20 VUs  5m28.0s/7m30s  80.00 iters/s

running (5m29.0s), 09/20 VUs, 16708 complete and 0 interrupted iterations
load_events   [  73% ] 09/20 VUs  5m29.0s/7m30s  80.00 iters/s

running (5m30.0s), 08/20 VUs, 16789 complete and 0 interrupted iterations
load_events   [  73% ] 08/20 VUs  5m30.0s/7m30s  80.00 iters/s

running (5m31.0s), 08/20 VUs, 16869 complete and 0 interrupted iterations
load_events   [  74% ] 08/20 VUs  5m31.0s/7m30s  80.00 iters/s

running (5m32.0s), 08/20 VUs, 16949 complete and 0 interrupted iterations
load_events   [  74% ] 08/20 VUs  5m32.0s/7m30s  80.00 iters/s

running (5m33.0s), 08/20 VUs, 17029 complete and 0 interrupted iterations
load_events   [  74% ] 08/20 VUs  5m33.0s/7m30s  80.00 iters/s

running (5m34.0s), 08/20 VUs, 17109 complete and 0 interrupted iterations
load_events   [  74% ] 08/20 VUs  5m34.0s/7m30s  80.00 iters/s

running (5m35.0s), 08/20 VUs, 17189 complete and 0 interrupted iterations
load_events   [  74% ] 08/20 VUs  5m35.0s/7m30s  80.00 iters/s

running (5m36.0s), 08/20 VUs, 17269 complete and 0 interrupted iterations
load_events   [  75% ] 08/20 VUs  5m36.0s/7m30s  80.00 iters/s

running (5m37.0s), 09/20 VUs, 17348 complete and 0 interrupted iterations
load_events   [  75% ] 09/20 VUs  5m37.0s/7m30s  80.00 iters/s

running (5m38.0s), 08/20 VUs, 17429 complete and 0 interrupted iterations
load_events   [  75% ] 08/20 VUs  5m38.0s/7m30s  80.00 iters/s

running (5m39.0s), 09/20 VUs, 17508 complete and 0 interrupted iterations
load_events   [  75% ] 09/20 VUs  5m39.0s/7m30s  80.00 iters/s

running (5m40.0s), 08/20 VUs, 17589 complete and 0 interrupted iterations
load_events   [  76% ] 08/20 VUs  5m40.0s/7m30s  80.00 iters/s

running (5m41.0s), 09/20 VUs, 17668 complete and 0 interrupted iterations
load_events   [  76% ] 09/20 VUs  5m41.0s/7m30s  80.00 iters/s

running (5m42.0s), 09/20 VUs, 17748 complete and 0 interrupted iterations
load_events   [  76% ] 09/20 VUs  5m42.0s/7m30s  80.00 iters/s

running (5m43.0s), 09/20 VUs, 17828 complete and 0 interrupted iterations
load_events   [  76% ] 09/20 VUs  5m43.0s/7m30s  80.00 iters/s

running (5m44.0s), 09/20 VUs, 17908 complete and 0 interrupted iterations
load_events   [  76% ] 09/20 VUs  5m44.0s/7m30s  80.00 iters/s

running (5m45.0s), 08/20 VUs, 17989 complete and 0 interrupted iterations
load_events   [  77% ] 08/20 VUs  5m45.0s/7m30s  80.00 iters/s

running (5m46.0s), 09/20 VUs, 18068 complete and 0 interrupted iterations
load_events   [  77% ] 09/20 VUs  5m46.0s/7m30s  80.00 iters/s

running (5m47.0s), 08/20 VUs, 18149 complete and 0 interrupted iterations
load_events   [  77% ] 08/20 VUs  5m47.0s/7m30s  80.00 iters/s

running (5m48.0s), 08/20 VUs, 18229 complete and 0 interrupted iterations
load_events   [  77% ] 08/20 VUs  5m48.0s/7m30s  80.00 iters/s

running (5m49.0s), 09/20 VUs, 18308 complete and 0 interrupted iterations
load_events   [  78% ] 09/20 VUs  5m49.0s/7m30s  80.00 iters/s

running (5m50.0s), 08/20 VUs, 18389 complete and 0 interrupted iterations
load_events   [  78% ] 08/20 VUs  5m50.0s/7m30s  80.00 iters/s

running (5m51.0s), 09/20 VUs, 18468 complete and 0 interrupted iterations
load_events   [  78% ] 09/20 VUs  5m51.0s/7m30s  80.00 iters/s

running (5m52.0s), 08/20 VUs, 18549 complete and 0 interrupted iterations
load_events   [  78% ] 08/20 VUs  5m52.0s/7m30s  80.00 iters/s

running (5m53.0s), 09/20 VUs, 18628 complete and 0 interrupted iterations
load_events   [  78% ] 09/20 VUs  5m53.0s/7m30s  80.00 iters/s

running (5m54.0s), 09/20 VUs, 18708 complete and 0 interrupted iterations
load_events   [  79% ] 09/20 VUs  5m54.0s/7m30s  80.00 iters/s

running (5m55.0s), 09/20 VUs, 18788 complete and 0 interrupted iterations
load_events   [  79% ] 09/20 VUs  5m55.0s/7m30s  80.00 iters/s

running (5m56.0s), 09/20 VUs, 18868 complete and 0 interrupted iterations
load_events   [  79% ] 09/20 VUs  5m56.0s/7m30s  80.00 iters/s

running (5m57.0s), 09/20 VUs, 18948 complete and 0 interrupted iterations
load_events   [  79% ] 09/20 VUs  5m57.0s/7m30s  80.00 iters/s

running (5m58.0s), 09/20 VUs, 19028 complete and 0 interrupted iterations
load_events   [  80% ] 09/20 VUs  5m58.0s/7m30s  80.00 iters/s

running (5m59.0s), 08/20 VUs, 19109 complete and 0 interrupted iterations
load_events   [  80% ] 08/20 VUs  5m59.0s/7m30s  80.00 iters/s

running (6m00.0s), 09/20 VUs, 19188 complete and 0 interrupted iterations
load_events   [  80% ] 09/20 VUs  6m00.0s/7m30s  80.00 iters/s

running (6m01.0s), 08/20 VUs, 19269 complete and 0 interrupted iterations
load_events   [  80% ] 08/20 VUs  6m01.0s/7m30s  80.00 iters/s

running (6m02.0s), 08/20 VUs, 19349 complete and 0 interrupted iterations
load_events   [  80% ] 08/20 VUs  6m02.0s/7m30s  80.00 iters/s

running (6m03.0s), 09/20 VUs, 19428 complete and 0 interrupted iterations
load_events   [  81% ] 09/20 VUs  6m03.0s/7m30s  80.00 iters/s

running (6m04.0s), 09/20 VUs, 19508 complete and 0 interrupted iterations
load_events   [  81% ] 09/20 VUs  6m04.0s/7m30s  80.00 iters/s

running (6m05.0s), 09/20 VUs, 19588 complete and 0 interrupted iterations
load_events   [  81% ] 09/20 VUs  6m05.0s/7m30s  80.00 iters/s

running (6m06.0s), 08/20 VUs, 19669 complete and 0 interrupted iterations
load_events   [  81% ] 08/20 VUs  6m06.0s/7m30s  80.00 iters/s

running (6m07.0s), 08/20 VUs, 19749 complete and 0 interrupted iterations
load_events   [  82% ] 08/20 VUs  6m07.0s/7m30s  80.00 iters/s

running (6m08.0s), 09/20 VUs, 19828 complete and 0 interrupted iterations
load_events   [  82% ] 09/20 VUs  6m08.0s/7m30s  80.00 iters/s

running (6m09.0s), 08/20 VUs, 19909 complete and 0 interrupted iterations
load_events   [  82% ] 08/20 VUs  6m09.0s/7m30s  80.00 iters/s

running (6m10.0s), 08/20 VUs, 19989 complete and 0 interrupted iterations
load_events   [  82% ] 08/20 VUs  6m10.0s/7m30s  80.00 iters/s

running (6m11.0s), 09/20 VUs, 20068 complete and 0 interrupted iterations
load_events   [  82% ] 09/20 VUs  6m11.0s/7m30s  80.00 iters/s

running (6m12.0s), 08/20 VUs, 20149 complete and 0 interrupted iterations
load_events   [  83% ] 08/20 VUs  6m12.0s/7m30s  80.00 iters/s

running (6m13.0s), 09/20 VUs, 20228 complete and 0 interrupted iterations
load_events   [  83% ] 09/20 VUs  6m13.0s/7m30s  80.00 iters/s

running (6m14.0s), 08/20 VUs, 20309 complete and 0 interrupted iterations
load_events   [  83% ] 08/20 VUs  6m14.0s/7m30s  80.00 iters/s

running (6m15.0s), 09/20 VUs, 20388 complete and 0 interrupted iterations
load_events   [  83% ] 09/20 VUs  6m15.0s/7m30s  80.00 iters/s

running (6m16.0s), 08/20 VUs, 20469 complete and 0 interrupted iterations
load_events   [  84% ] 08/20 VUs  6m16.0s/7m30s  80.00 iters/s

running (6m17.0s), 08/20 VUs, 20549 complete and 0 interrupted iterations
load_events   [  84% ] 08/20 VUs  6m17.0s/7m30s  80.00 iters/s

running (6m18.0s), 08/20 VUs, 20629 complete and 0 interrupted iterations
load_events   [  84% ] 08/20 VUs  6m18.0s/7m30s  80.00 iters/s

running (6m19.0s), 08/20 VUs, 20709 complete and 0 interrupted iterations
load_events   [  84% ] 08/20 VUs  6m19.0s/7m30s  80.00 iters/s

running (6m20.0s), 09/20 VUs, 20788 complete and 0 interrupted iterations
load_events   [  84% ] 09/20 VUs  6m20.0s/7m30s  80.00 iters/s

running (6m21.0s), 09/20 VUs, 20868 complete and 0 interrupted iterations
load_events   [  85% ] 09/20 VUs  6m21.0s/7m30s  80.00 iters/s

running (6m22.0s), 09/20 VUs, 20948 complete and 0 interrupted iterations
load_events   [  85% ] 09/20 VUs  6m22.0s/7m30s  80.00 iters/s

running (6m23.0s), 08/20 VUs, 21029 complete and 0 interrupted iterations
load_events   [  85% ] 08/20 VUs  6m23.0s/7m30s  80.00 iters/s

running (6m24.0s), 08/20 VUs, 21109 complete and 0 interrupted iterations
load_events   [  85% ] 08/20 VUs  6m24.0s/7m30s  80.00 iters/s

running (6m25.0s), 08/20 VUs, 21189 complete and 0 interrupted iterations
load_events   [  86% ] 08/20 VUs  6m25.0s/7m30s  80.00 iters/s

running (6m26.0s), 09/20 VUs, 21268 complete and 0 interrupted iterations
load_events   [  86% ] 09/20 VUs  6m26.0s/7m30s  80.00 iters/s

running (6m27.0s), 09/20 VUs, 21348 complete and 0 interrupted iterations
load_events   [  86% ] 09/20 VUs  6m27.0s/7m30s  80.00 iters/s

running (6m28.0s), 09/20 VUs, 21428 complete and 0 interrupted iterations
load_events   [  86% ] 09/20 VUs  6m28.0s/7m30s  80.00 iters/s

running (6m29.0s), 09/20 VUs, 21508 complete and 0 interrupted iterations
load_events   [  86% ] 09/20 VUs  6m29.0s/7m30s  80.00 iters/s

running (6m30.0s), 08/20 VUs, 21589 complete and 0 interrupted iterations
load_events   [  87% ] 08/20 VUs  6m30.0s/7m30s  80.00 iters/s

running (6m31.0s), 08/20 VUs, 21669 complete and 0 interrupted iterations
load_events   [  87% ] 08/20 VUs  6m31.0s/7m30s  80.00 iters/s

running (6m32.0s), 08/20 VUs, 21749 complete and 0 interrupted iterations
load_events   [  87% ] 08/20 VUs  6m32.0s/7m30s  80.00 iters/s

running (6m33.0s), 09/20 VUs, 21828 complete and 0 interrupted iterations
load_events   [  87% ] 09/20 VUs  6m33.0s/7m30s  80.00 iters/s

running (6m34.0s), 09/20 VUs, 21908 complete and 0 interrupted iterations
load_events   [  88% ] 09/20 VUs  6m34.0s/7m30s  80.00 iters/s

running (6m35.0s), 08/20 VUs, 21989 complete and 0 interrupted iterations
load_events   [  88% ] 08/20 VUs  6m35.0s/7m30s  80.00 iters/s

running (6m36.0s), 09/20 VUs, 22068 complete and 0 interrupted iterations
load_events   [  88% ] 09/20 VUs  6m36.0s/7m30s  80.00 iters/s

running (6m37.0s), 09/20 VUs, 22148 complete and 0 interrupted iterations
load_events   [  88% ] 09/20 VUs  6m37.0s/7m30s  80.00 iters/s

running (6m38.0s), 08/20 VUs, 22229 complete and 0 interrupted iterations
load_events   [  88% ] 08/20 VUs  6m38.0s/7m30s  80.00 iters/s

running (6m39.0s), 08/20 VUs, 22309 complete and 0 interrupted iterations
load_events   [  89% ] 08/20 VUs  6m39.0s/7m30s  80.00 iters/s

running (6m40.0s), 08/20 VUs, 22389 complete and 0 interrupted iterations
load_events   [  89% ] 08/20 VUs  6m40.0s/7m30s  80.00 iters/s

running (6m41.0s), 09/20 VUs, 22468 complete and 0 interrupted iterations
load_events   [  89% ] 09/20 VUs  6m41.0s/7m30s  80.00 iters/s

running (6m42.0s), 09/20 VUs, 22548 complete and 0 interrupted iterations
load_events   [  89% ] 09/20 VUs  6m42.0s/7m30s  80.00 iters/s

running (6m43.0s), 09/20 VUs, 22628 complete and 0 interrupted iterations
load_events   [  90% ] 09/20 VUs  6m43.0s/7m30s  80.00 iters/s

running (6m44.0s), 08/20 VUs, 22709 complete and 0 interrupted iterations
load_events   [  90% ] 08/20 VUs  6m44.0s/7m30s  80.00 iters/s

running (6m45.0s), 08/20 VUs, 22789 complete and 0 interrupted iterations
load_events   [  90% ] 08/20 VUs  6m45.0s/7m30s  80.00 iters/s

running (6m46.0s), 09/20 VUs, 22868 complete and 0 interrupted iterations
load_events   [  90% ] 09/20 VUs  6m46.0s/7m30s  80.00 iters/s

running (6m47.0s), 08/20 VUs, 22949 complete and 0 interrupted iterations
load_events   [  90% ] 08/20 VUs  6m47.0s/7m30s  80.00 iters/s

running (6m48.0s), 09/20 VUs, 23028 complete and 0 interrupted iterations
load_events   [  91% ] 09/20 VUs  6m48.0s/7m30s  80.00 iters/s

running (6m49.0s), 09/20 VUs, 23108 complete and 0 interrupted iterations
load_events   [  91% ] 09/20 VUs  6m49.0s/7m30s  80.00 iters/s

running (6m50.0s), 09/20 VUs, 23188 complete and 0 interrupted iterations
load_events   [  91% ] 09/20 VUs  6m50.0s/7m30s  80.00 iters/s

running (6m51.0s), 08/20 VUs, 23269 complete and 0 interrupted iterations
load_events   [  91% ] 08/20 VUs  6m51.0s/7m30s  80.00 iters/s

running (6m52.0s), 09/20 VUs, 23348 complete and 0 interrupted iterations
load_events   [  92% ] 09/20 VUs  6m52.0s/7m30s  80.00 iters/s

running (6m53.0s), 08/20 VUs, 23429 complete and 0 interrupted iterations
load_events   [  92% ] 08/20 VUs  6m53.0s/7m30s  80.00 iters/s

running (6m54.0s), 08/20 VUs, 23509 complete and 0 interrupted iterations
load_events   [  92% ] 08/20 VUs  6m54.0s/7m30s  80.00 iters/s

running (6m55.0s), 09/20 VUs, 23588 complete and 0 interrupted iterations
load_events   [  92% ] 09/20 VUs  6m55.0s/7m30s  80.00 iters/s

running (6m56.0s), 09/20 VUs, 23668 complete and 0 interrupted iterations
load_events   [  92% ] 09/20 VUs  6m56.0s/7m30s  80.00 iters/s

running (6m57.0s), 09/20 VUs, 23748 complete and 0 interrupted iterations
load_events   [  93% ] 09/20 VUs  6m57.0s/7m30s  80.00 iters/s

running (6m58.0s), 08/20 VUs, 23829 complete and 0 interrupted iterations
load_events   [  93% ] 08/20 VUs  6m58.0s/7m30s  80.00 iters/s

running (6m59.0s), 09/20 VUs, 23908 complete and 0 interrupted iterations
load_events   [  93% ] 09/20 VUs  6m59.0s/7m30s  80.00 iters/s

running (7m00.0s), 08/20 VUs, 23989 complete and 0 interrupted iterations
load_events   [  93% ] 08/20 VUs  7m00.0s/7m30s  80.00 iters/s

running (7m01.0s), 08/20 VUs, 24068 complete and 0 interrupted iterations
load_events   [  94% ] 08/20 VUs  7m01.0s/7m30s  77.41 iters/s

running (7m02.0s), 08/20 VUs, 24144 complete and 0 interrupted iterations
load_events   [  94% ] 08/20 VUs  7m02.0s/7m30s  74.74 iters/s

running (7m03.0s), 07/20 VUs, 24218 complete and 0 interrupted iterations
load_events   [  94% ] 07/20 VUs  7m03.0s/7m30s  72.09 iters/s

running (7m04.0s), 08/20 VUs, 24288 complete and 0 interrupted iterations
load_events   [  94% ] 08/20 VUs  7m04.0s/7m30s  69.42 iters/s

running (7m05.0s), 07/20 VUs, 24357 complete and 0 interrupted iterations
load_events   [  94% ] 07/20 VUs  7m05.0s/7m30s  66.75 iters/s

running (7m06.0s), 07/20 VUs, 24423 complete and 0 interrupted iterations
load_events   [  95% ] 07/20 VUs  7m06.0s/7m30s  64.06 iters/s

running (7m07.0s), 06/20 VUs, 24486 complete and 0 interrupted iterations
load_events   [  95% ] 06/20 VUs  7m07.0s/7m30s  61.43 iters/s

running (7m08.0s), 07/20 VUs, 24546 complete and 0 interrupted iterations
load_events   [  95% ] 07/20 VUs  7m08.0s/7m30s  58.72 iters/s

running (7m09.0s), 06/20 VUs, 24604 complete and 0 interrupted iterations
load_events   [  95% ] 06/20 VUs  7m09.0s/7m30s  56.07 iters/s

running (7m10.0s), 06/20 VUs, 24659 complete and 0 interrupted iterations
load_events   [  96% ] 06/20 VUs  7m10.0s/7m30s  53.39 iters/s

running (7m11.0s), 06/20 VUs, 24711 complete and 0 interrupted iterations
load_events   [  96% ] 06/20 VUs  7m11.0s/7m30s  50.73 iters/s

running (7m12.0s), 05/20 VUs, 24761 complete and 0 interrupted iterations
load_events   [  96% ] 05/20 VUs  7m12.0s/7m30s  48.08 iters/s

running (7m13.0s), 05/20 VUs, 24808 complete and 0 interrupted iterations
load_events   [  96% ] 05/20 VUs  7m13.0s/7m30s  45.40 iters/s

running (7m14.0s), 05/20 VUs, 24852 complete and 0 interrupted iterations
load_events   [  96% ] 05/20 VUs  7m14.0s/7m30s  42.74 iters/s

running (7m15.0s), 04/20 VUs, 24894 complete and 0 interrupted iterations
load_events   [  97% ] 04/20 VUs  7m15.0s/7m30s  40.10 iters/s

running (7m16.0s), 04/20 VUs, 24933 complete and 0 interrupted iterations
load_events   [  97% ] 04/20 VUs  7m16.0s/7m30s  37.42 iters/s

running (7m17.0s), 04/20 VUs, 24969 complete and 0 interrupted iterations
load_events   [  97% ] 04/20 VUs  7m17.0s/7m30s  34.76 iters/s

running (7m18.0s), 04/20 VUs, 25003 complete and 0 interrupted iterations
load_events   [  97% ] 04/20 VUs  7m18.0s/7m30s  32.04 iters/s

running (7m19.0s), 03/20 VUs, 25034 complete and 0 interrupted iterations
load_events   [  98% ] 03/20 VUs  7m19.0s/7m30s  29.44 iters/s

running (7m20.0s), 03/20 VUs, 25062 complete and 0 interrupted iterations
load_events   [  98% ] 03/20 VUs  7m20.0s/7m30s  26.78 iters/s

running (7m21.0s), 03/20 VUs, 25088 complete and 0 interrupted iterations
load_events   [  98% ] 03/20 VUs  7m21.0s/7m30s  24.06 iters/s

running (7m22.0s), 03/20 VUs, 25111 complete and 0 interrupted iterations
load_events   [  98% ] 03/20 VUs  7m22.0s/7m30s  21.35 iters/s

running (7m23.0s), 02/20 VUs, 25132 complete and 0 interrupted iterations
load_events   [  98% ] 02/20 VUs  7m23.0s/7m30s  18.69 iters/s

running (7m24.0s), 02/20 VUs, 25149 complete and 0 interrupted iterations
load_events   [  99% ] 02/20 VUs  7m24.0s/7m30s  16.08 iters/s

running (7m25.0s), 02/20 VUs, 25164 complete and 0 interrupted iterations
load_events   [  99% ] 02/20 VUs  7m25.0s/7m30s  13.37 iters/s

running (7m26.0s), 01/20 VUs, 25177 complete and 0 interrupted iterations
load_events   [  99% ] 01/20 VUs  7m26.0s/7m30s  10.71 iters/s

running (7m27.0s), 01/20 VUs, 25186 complete and 0 interrupted iterations
load_events   [  99% ] 01/20 VUs  7m27.0s/7m30s  08.16 iters/s

running (7m28.0s), 01/20 VUs, 25193 complete and 0 interrupted iterations
load_events   [ 100% ] 01/20 VUs  7m28.0s/7m30s  05.41 iters/s

running (7m29.0s), 00/20 VUs, 25198 complete and 0 interrupted iterations
load_events   [ 100% ] 00/20 VUs  7m29.0s/7m30s  02.79 iters/s

running (7m30.0s), 00/20 VUs, 25199 complete and 0 interrupted iterations
load_events   [ 100% ] 00/20 VUs  7m30.0s/7m30s  01.15 iters/s
time="2026-04-07T23:09:15-05:00" level=info msg="=== LOAD TEST (Event Availability) TEARDOWN ===" source=console


  █ THRESHOLDS 

    http_req_duration{scenario:load_events}
    ✓ 'p(95) < 400' p(95)=14.3ms
    ✓ 'p(99) < 700' p(99)=19.35ms

    http_req_failed{scenario:load_events}
    ✓ 'rate < 0.01' rate=0.00%


  █ TOTAL RESULTS 

    checks_total.......: 75601   167.949173/s
    checks_succeeded...: 100.00% 75601 out of 75601
    checks_failed......: 0.00%   0 out of 75601

    ✓ Health check — Status is 200
    ✓ GET /api/v1/events — Status is 200
    ✓ GET /api/v1/events — Response is JSON
    ✓ GET /api/v1/events — Response time is acceptable

    HTTP
    http_req_duration..............: avg=8.42ms   min=2.38ms   med=7.99ms   max=59.18ms  p(90)=12.73ms  p(95)=14.3ms  
      { expected_response:true }...: avg=8.42ms   min=2.38ms   med=7.99ms   max=59.18ms  p(90)=12.73ms  p(95)=14.3ms  
      { scenario:load_events }.....: avg=8.42ms   min=2.38ms   med=7.99ms   max=59.18ms  p(90)=12.73ms  p(95)=14.3ms  
    http_req_failed................: 0.00%  0 out of 25201
      { scenario:load_events }.....: 0.00%  0 out of 25200
    http_reqs......................: 25201  55.984539/s

    EXECUTION
    iteration_duration.............: avg=109.45ms min=102.81ms med=109.02ms max=160.26ms p(90)=113.87ms p(95)=115.51ms
    iterations.....................: 25200  55.982317/s
    vus............................: 0      min=0          max=9 
    vus_max........................: 20     min=20         max=20

    NETWORK
    data_received..................: 227 MB 505 kB/s
    data_sent......................: 3.3 MB 7.3 kB/s




running (7m30.1s), 00/20 VUs, 25200 complete and 0 interrupted iterations
load_events ✓ [ 100% ] 00/20 VUs  7m30s  01.15 iters/s
